#
# A fatal error has been detected by the Java Runtime Environment:
#
#  SIGSEGV (0xb) at pc=0x000000010c41a47c, pid=1993, tid=39939
#
# JRE version: Java(TM) SE Runtime Environment (18.0.2.1+1) (build 18.0.2.1+1-1)
# Java VM: Java HotSpot(TM) 64-Bit Server VM (18.0.2.1+1-1, mixed mode, sharing, tiered, compressed oops, compressed class ptrs, g1 gc, bsd-amd64)
# Problematic frame:
# V  [libjvm.dylib+0x45347c]  G1ParScanThreadState::trim_queue_to_threshold(unsigned int)+0x2ec
#
# No core dump will be written. Core dumps have been disabled. To enable core dumping, try "ulimit -c unlimited" before starting Java again
#
# If you would like to submit a bug report, please visit:
#   https://bugreport.java.com/bugreport/crash.jsp
#

---------------  S U M M A R Y ------------

Command Line: -Dmaven.multiModuleProjectDirectory=/Users/alinaarmut/Documents/Новая папка/blps_lab3 -Djansi.passthrough=true -Dmaven.home=/Applications/IntelliJ IDEA.app/Contents/plugins/maven/lib/maven3 -Dclassworlds.conf=/Applications/IntelliJ IDEA.app/Contents/plugins/maven/lib/maven3/bin/m2.conf -Dmaven.ext.class.path=/Applications/IntelliJ IDEA.app/Contents/plugins/maven/lib/maven-event-listener.jar -javaagent:/Applications/IntelliJ IDEA.app/Contents/lib/idea_rt.jar=51022:/Applications/IntelliJ IDEA.app/Contents/bin -Dfile.encoding=UTF-8 -Dsun.stdout.encoding=UTF-8 -Dsun.stderr.encoding=UTF-8 org.codehaus.classworlds.Launcher -Didea.version=2023.2.5 clean install

Host: "MacBookAir10,1" x86_64 (EMULATED) 2400 MHz, 8 cores, 8G, Darwin 24.0.0, macOS 15.0 (24A335)
Time: Fri Jun 13 19:49:28 2025 MSK elapsed time: 10.330840 seconds (0d 0h 0m 10s)

---------------  T H R E A D  ---------------

Current thread (0x00007fee6a125730):  WorkerThread "GC Thread#7" [stack: 0x000000030af03000,0x000000030b003000] [id=39939]

Stack: [0x000000030af03000,0x000000030b003000],  sp=0x000000030b002bc0,  free space=1022k
Native frames: (J=compiled Java code, j=interpreted, Vv=VM code, C=native code)
V  [libjvm.dylib+0x45347c]  G1ParScanThreadState::trim_queue_to_threshold(unsigned int)+0x2ec
V  [libjvm.dylib+0x45fe93]  G1ScanHRForRegionClosure::scan_memregion(unsigned int, MemRegion)+0xb3
V  [libjvm.dylib+0x45fc23]  G1ScanHRForRegionClosure::scan_heap_roots(HeapRegion*)+0x423
V  [libjvm.dylib+0x45f7e0]  G1ScanHRForRegionClosure::do_heap_region(HeapRegion*)+0x50
V  [libjvm.dylib+0x45e0d9]  G1RemSet::scan_heap_roots(G1ParScanThreadState*, unsigned int, G1GCPhaseTimes::GCParPhases, G1GCPhaseTimes::GCParPhases, bool)+0x119
V  [libjvm.dylib+0x47a8f8]  G1EvacuateRegionsTask::scan_roots(G1ParScanThreadState*, unsigned int)+0x48
V  [libjvm.dylib+0x47a7b5]  G1EvacuateRegionsBaseTask::work(unsigned int)+0x75
V  [libjvm.dylib+0xa94a30]  WorkerThread::run()+0x70
V  [libjvm.dylib+0x9e7ecf]  Thread::call_run()+0xcf
V  [libjvm.dylib+0x88a168]  thread_native_entry(Thread*)+0x148
C  [libsystem_pthread.dylib+0x6253]  _pthread_start+0x63
C  [libsystem_pthread.dylib+0x1bef]  thread_start+0xf


siginfo: si_signo: 11 (SIGSEGV), si_code: 1 (SEGV_MAPERR), si_addr: 0x00000005043986d0

Register to memory mapping:

RAX=0x0 is NULL
RBX=0x00007fee6a053cf0 points into unknown readable memory: 0x000000010cbf0948 | 48 09 bf 0c 01 00 00 00
RCX=0x0000000000000014 is an unknown value
RDX=0x00000005043986d0 is an unknown value
RSP=0x000000030b002bc0 points into unknown readable memory: 0x00007fee6a053d08 | 08 3d 05 6a ee 7f 00 00
RBP=0x000000030b002bf0 points into unknown readable memory: 0x000000030b002c50 | 50 2c 00 0b 03 00 00 00
RSI=0x0 is NULL
RDI=0x0 is NULL
R8 =0x0000000000000003 is an unknown value
R9 =0xffef9824fff0c092 is an unknown value
R10=0x0 is NULL
R11=0x0 is NULL
R12=0x00007fee6a053cf0 points into unknown readable memory: 0x000000010cbf0948 | 48 09 bf 0c 01 00 00 00
R13=
[error occurred during error reporting (printing register info), id 0xb, SIGSEGV (0xb) at pc=0x000000010c3d0ff5]

Registers:
RAX=0x0000000000000000, RBX=0x00007fee6a053cf0, RCX=0x0000000000000014, RDX=0x00000005043986d0
RSP=0x000000030b002bc0, RBP=0x000000030b002bf0, RSI=0x0000000000000000, RDI=0x0000000000000000
R8 =0x0000000000000003, R9 =0xffef9824fff0c092, R10=0x0000000000000000, R11=0x0000000000000000
R12=0x00007fee6a053cf0, R13=0x0000000784081384, R14=0x0000000000000040, R15=0x000000010cc12510
RIP=0x000000010c41a47c, EFLAGS=0x0000000000000247, ERR=0x0000000000000004
  TRAPNO=0x000000000000000e

Top of Stack: (sp=0x000000030b002bc0)
0x000000030b002bc0:   00007fee6a053d08 00007fee6a053cf0
0x000000030b002bd0:   0000000266221cea 000000030b002de8
0x000000030b002be0:   00000007ff87b408 000000026734f474
0x000000030b002bf0:   000000030b002c50 000000010c426e93
0x000000030b002c00:   000000010cbf0c38 0000000000000000
0x000000030b002c10:   00007fee6b816400 00007fee6a053cf0
0x000000030b002c20:   000000030b002de8 0000000000000001
0x000000030b002c30:   00000007ff87b200 000000000000001a
0x000000030b002c40:   000000010bacc3db 0000600000bbc820
0x000000030b002c50:   000000030b002d20 000000010c426c23
0x000000030b002c60:   0000000000000000 0000000000000000
0x000000030b002c70:   00007fee00000000 0000600000000002
0x000000030b002c80:   0000000000000000 0000000000000000
0x000000030b002c90:   00007fee6a208b40 00007fee6a208b50
0x000000030b002ca0:   00000000003fc3c0 000000010bacc3e0
0x000000030b002cb0:   00006000026ed530 00007fee6a208f28
0x000000030b002cc0:   0000000000001fe0 00000000000003d8
0x000000030b002cd0:   00000000000007f8 000000030b002d90
0x000000030b002ce0:   000000010bacc3e1 0000000000000020
0x000000030b002cf0:   fffffffef4533c3f 000000030b002d90
0x000000030b002d00:   0000600000bbc820 0000000000000010
0x000000030b002d10:   0000600001495500 000000030b002d38
0x000000030b002d20:   000000030b002d80 000000010c4267e0
0x000000030b002d30:   000000010cbf0268 00007fee6a053cf0
0x000000030b002d40:   000000026732403c 00000002661f68db
0x000000030b002d50:   000000030b002df0 000000030b002e00
0x000000030b002d60:   0000000000000000 0000000000000003
0x000000030b002d70:   00007fee6b816400 000000030b002d90
0x000000030b002d80:   000000030b002e60 000000010c4250d9
0x000000030b002d90:   000000010cbf0c20 0000000000003801
0x000000030b002da0:   00007fee6b816400 00006000006b3780
0x000000030b002db0:   00006000028bed20 00007fee6a053cf0 

Instructions: (pc=0x000000010c41a47c)
0x000000010c41a37c:   c5 fe 4c 89 e7 4c 89 ee e8 07 20 00 00 49 8b 7c
0x000000010c41a38c:   24 10 48 8d 8f 80 00 00 00 8b 87 80 00 00 00 48
0x000000010c41a39c:   8d 97 00 01 00 00 89 c6 2b b7 00 01 00 00 81 e6
0x000000010c41a3ac:   ff ff 01 00 44 39 f6 0f 86 ad 02 00 00 05 ff ff
0x000000010c41a3bc:   01 00 89 c6 81 e6 ff ff 01 00 89 31 f0 83 04 24
0x000000010c41a3cc:   00 48 8b 8f 80 01 00 00 4c 8b 2c f1 2b 02 25 ff
0x000000010c41a3dc:   ff 01 00 3d ff ff 01 00 74 04 85 c0 75 47 48 8b
0x000000010c41a3ec:   8f 00 01 00 00 48 81 c7 00 01 00 00 48 b8 00 00
0x000000010c41a3fc:   00 00 01 00 00 00 48 8d 1c 01 48 b8 00 00 00 00
0x000000010c41a40c:   ff ff ff ff 48 21 c3 48 09 f3 39 ce 0f 85 3e 02
0x000000010c41a41c:   00 00 48 89 c8 f0 48 0f b1 1f 48 39 c8 0f 85 2d
0x000000010c41a42c:   02 00 00 8b 02 41 f6 c5 01 0f 84 35 ff ff ff 41
0x000000010c41a43c:   8b 55 ff 45 8b 47 08 44 89 c1 48 d3 e2 49 8b 3f
0x000000010c41a44c:   48 01 fa 49 8b 44 24 08 0f b6 88 20 06 00 00 48
0x000000010c41a45c:   89 d6 48 d3 ee 48 8b 80 10 06 00 00 0f b7 34 70
0x000000010c41a46c:   89 f0 c1 e8 08 84 c0 0f 88 10 ff ff ff 49 ff cd
0x000000010c41a47c:   48 8b 02 89 c1 83 e1 03 83 f9 03 75 47 48 83 e0
0x000000010c41a48c:   fc eb 53 49 8b 55 00 49 8b 44 24 08 0f b6 88 20
0x000000010c41a49c:   06 00 00 48 89 d6 48 d3 ee 48 8b 80 10 06 00 00
0x000000010c41a4ac:   0f b7 34 70 89 f0 c1 e8 08 84 c0 0f 88 cc fe ff
0x000000010c41a4bc:   ff 48 8b 02 89 c1 83 e1 03 83 f9 03 75 30 48 83
0x000000010c41a4cc:   e0 fc eb 35 4c 89 e7 48 89 c1 e8 15 0c 00 00 49
0x000000010c41a4dc:   8b 3f 45 8b 47 08 48 89 c2 48 29 fa 44 89 c1 48
0x000000010c41a4ec:   d3 ea 41 89 55 00 48 89 c2 4c 31 ea eb 15 4c 89
0x000000010c41a4fc:   e7 48 89 c1 e8 eb 0b 00 00 49 89 45 00 4c 89 ea
0x000000010c41a50c:   48 31 c2 48 8d 0d 22 9c 83 00 0f b6 09 48 d3 ea
0x000000010c41a51c:   48 85 d2 0f 84 64 fe ff ff 49 8b 54 24 08 8b 8a
0x000000010c41a52c:   20 06 00 00 4c 89 ee 48 d3 ee 48 8b 92 10 06 00
0x000000010c41a53c:   00 0f b6 74 72 01 c1 e6 08 81 fe 00 fe 00 00 0f
0x000000010c41a54c:   84 38 fe ff ff 48 d3 e8 0f b7 04 42 84 c0 0f 84
0x000000010c41a55c:   29 fe ff ff c1 e8 08 84 c0 0f 89 1e fe ff ff 48
0x000000010c41a56c:   8d 05 86 e4 82 00 0f b6 08 49 d3 ed 49 8b 44 24 


Stack slot to memory mapping:
stack at sp + 0 slots: 0x00007fee6a053d08 points into unknown readable memory: 0x000000010cbf0b30 | 30 0b bf 0c 01 00 00 00
stack at sp + 1 slots: 0x00007fee6a053cf0 points into unknown readable memory: 0x000000010cbf0948 | 48 09 bf 0c 01 00 00 00
stack at sp + 2 slots: 0x0000000266221cea is an unknown value
stack at sp + 3 slots: 0x000000030b002de8 points into unknown readable memory: 0x0000000000000644 | 44 06 00 00 00 00 00 00
stack at sp + 4 slots: 0x00000007ff87b408 is an oop: com.sun.tools.javac.util.List 
{0x00000007ff87b408} - klass: 'com/sun/tools/javac/util/List'
 - ---- fields (total size 3 words):
 - public 'head' 'Ljava/lang/Object;' @12  a 'com/sun/tools/javac/code/Symbol$PackageSymbol'{0x0000000780fb8808} (f01f7101)
 - public 'tail' 'Lcom/sun/tools/javac/util/List;' @16  a 'com/sun/tools/javac/util/List'{0x00000007ff87b420} (fff0f684)
stack at sp + 5 slots: 0x000000026734f474 is an unknown value
stack at sp + 6 slots: 0x000000030b002c50 points into unknown readable memory: 0x000000030b002d20 | 20 2d 00 0b 03 00 00 00
stack at sp + 7 slots: 0x000000010c426e93: _ZN24G1ScanHRForRegionClosure14scan_memregionEj9MemRegion+0xb3 in /Library/Java/JavaVirtualMachines/jdk-18.0.2.1.jdk/Contents/Home/lib/server/libjvm.dylib at 0x000000010bfc7000


---------------  P R O C E S S  ---------------

Threads class SMR info:
_java_thread_list=0x00006000028912c0, length=12, elements={
0x00007fee6b808800, 0x00007fee6a808600, 0x00007fee6985be00, 0x00007fee6a80f400,
0x00007fee6a80fa00, 0x00007fee6a812200, 0x00007fee6a812800, 0x00007fee6985b600,
0x00007fee6a812e00, 0x00007fee6a813400, 0x00007fee6b817e00, 0x00007fee6b818400
}

Java Threads: ( => current thread )
  0x00007fee6b808800 JavaThread "main" [_thread_blocked, id=9731, stack(0x00000003094a8000,0x00000003095a8000)]
  0x00007fee6a808600 JavaThread "Reference Handler" daemon [_thread_blocked, id=22083, stack(0x0000000309bbd000,0x0000000309cbd000)]
  0x00007fee6985be00 JavaThread "Finalizer" daemon [_thread_blocked, id=31235, stack(0x0000000309cc0000,0x0000000309dc0000)]
  0x00007fee6a80f400 JavaThread "Signal Dispatcher" daemon [_thread_blocked, id=29239, stack(0x0000000309ed3000,0x0000000309fd3000)]
  0x00007fee6a80fa00 JavaThread "Service Thread" daemon [_thread_blocked, id=24323, stack(0x0000000309fd6000,0x000000030a0d6000)]
  0x00007fee6a812200 JavaThread "Monitor Deflation Thread" daemon [_thread_blocked, id=24835, stack(0x000000030a0d9000,0x000000030a1d9000)]
  0x00007fee6a812800 JavaThread "C2 CompilerThread0" daemon [_thread_blocked, id=28419, stack(0x000000030a1dc000,0x000000030a2dc000)]
  0x00007fee6985b600 JavaThread "C1 CompilerThread0" daemon [_thread_blocked, id=28163, stack(0x000000030a2df000,0x000000030a3df000)]
  0x00007fee6a812e00 JavaThread "Sweeper thread" daemon [_thread_blocked, id=27651, stack(0x000000030a3e2000,0x000000030a4e2000)]
  0x00007fee6a813400 JavaThread "Common-Cleaner" daemon [_thread_blocked, id=27479, stack(0x000000030a4e5000,0x000000030a5e5000)]
  0x00007fee6b817e00 JavaThread "Monitor Ctrl-Break" daemon [_thread_in_native, id=26919, stack(0x000000030a5e8000,0x000000030a6e8000)]
  0x00007fee6b818400 JavaThread "Notification Thread" daemon [_thread_blocked, id=43267, stack(0x000000030a6eb000,0x000000030a7eb000)]

Other Threads:
  0x00007fee6a005390 VMThread "VM Thread" [stack: 0x0000000309aba000,0x0000000309bba000] [id=32515]
  0x00007fee6a21a540 WatcherThread "VM Periodic Task Thread" [stack: 0x000000030a7ee000,0x000000030a8ee000] [id=42499]
  0x00007fee69705210 WorkerThread "GC Thread#0" [stack: 0x00000003095ab000,0x00000003096ab000] [id=16643]
  0x00007fee6971f8c0 WorkerThread "GC Thread#1" [stack: 0x000000030a8f1000,0x000000030a9f1000] [id=34095]
  0x00007fee6a222a10 WorkerThread "GC Thread#2" [stack: 0x000000030a9f4000,0x000000030aaf4000] [id=34307]
  0x00007fee6a018ab0 WorkerThread "GC Thread#3" [stack: 0x000000030aaf7000,0x000000030abf7000] [id=40827]
  0x00007fee6972b440 WorkerThread "GC Thread#4" [stack: 0x000000030abfa000,0x000000030acfa000] [id=35195]
  0x00007fee6972b8a0 WorkerThread "GC Thread#5" [stack: 0x000000030acfd000,0x000000030adfd000] [id=35587]
  0x00007fee6a1252d0 WorkerThread "GC Thread#6" [stack: 0x000000030ae00000,0x000000030af00000] [id=36099]
=>0x00007fee6a125730 WorkerThread "GC Thread#7" [stack: 0x000000030af03000,0x000000030b003000] [id=39939]
  0x00007fee697058a0 ConcurrentGCThread "G1 Main Marker" [stack: 0x00000003096ae000,0x00000003097ae000] [id=21507]
  0x00007fee69706100 WorkerThread "G1 Conc#0" [stack: 0x00000003097b1000,0x00000003098b1000] [id=20995]
  0x00007fee6a13e7c0 WorkerThread "G1 Conc#1" [stack: 0x000000030b006000,0x000000030b106000] [id=38515]
  0x00007fee697137d0 ConcurrentGCThread "G1 Refine#0" [stack: 0x00000003098b4000,0x00000003099b4000] [id=20483]
  0x00007fee6a026ba0 ConcurrentGCThread "G1 Refine#1" [stack: 0x000000030b109000,0x000000030b209000] [id=37123]
  0x00007fee6a307f60 ConcurrentGCThread "G1 Refine#2" [stack: 0x000000030b20c000,0x000000030b30c000] [id=37379]
  0x00007fee6a03b660 ConcurrentGCThread "G1 Refine#3" [stack: 0x000000030b30f000,0x000000030b40f000] [id=43779]
  0x00007fee6a404c40 ConcurrentGCThread "G1 Refine#4" [stack: 0x000000030b412000,0x000000030b512000] [id=65283]
  0x00007fee49705770 ConcurrentGCThread "G1 Refine#5" [stack: 0x000000030b515000,0x000000030b615000] [id=64515]
  0x00007fee6a1048f0 ConcurrentGCThread "G1 Service" [stack: 0x00000003099b7000,0x0000000309ab7000] [id=19971]

Threads with active compile tasks:
C2 CompilerThread0    10340 7473       4       java.util.IdentityHashMap$IdentityHashMapIterator::hasNext (50 bytes)
C1 CompilerThread0    10340 7478       3       java.lang.invoke.LambdaForm$MH/0x0000000800f81000::invoke (42 bytes)

VM state: at safepoint (normal execution)

VM Mutex/Monitor currently owned by a thread:  ([mutex/lock_event])
[0x00006000006b2800] Threads_lock - owner thread: 0x00007fee6a005390
[0x00006000006b2880] Heap_lock - owner thread: 0x00007fee6b808800

Heap address: 0x0000000780000000, size: 2048 MB, Compressed Oops mode: Zero based, Oop shift amount: 3

CDS archive(s) mapped at: [0x0000000800000000-0x0000000800ba8000-0x0000000800ba8000), size 12222464, SharedBaseAddress: 0x0000000800000000, ArchiveRelocationMode: 0.
Compressed class space mapped at: 0x0000000800c00000-0x0000000840c00000, reserved size: 1073741824
Narrow klass base: 0x0000000800000000, Narrow klass shift: 0, Narrow klass range: 0x100000000

GC Precious Log:
 CardTable entry size: 512
 Card Set container configuration: InlinePtr #cards 5 size 8 Array Of Cards #cards 12 size 40 Howl #buckets 4 coarsen threshold 1843 Howl Bitmap #cards 512 size 80 coarsen threshold 460 Card regions per heap region 1 cards per card region 2048
 CPUs: 8 total, 8 available
 Memory: 8192M
 Large Page Support: Disabled
 NUMA Support: Disabled
 Compressed Oops: Enabled (Zero based)
 Heap Region Size: 1M
 Heap Min Capacity: 8M
 Heap Initial Capacity: 128M
 Heap Max Capacity: 2G
 Pre-touch: Disabled
 Parallel Workers: 8
 Concurrent Workers: 2
 Concurrent Refinement Workers: 8
 Periodic GC: Disabled

Heap:
 garbage-first heap   total 128000K, used 92703K [0x0000000780000000, 0x0000000800000000)
  region size 1024K, 51 young (52224K), 6 survivors (6144K)
 Metaspace       used 30238K, committed 30848K, reserved 1114112K
  class space    used 3359K, committed 3648K, reserved 1048576K

Heap Regions: E=young(eden), S=young(survivor), O=old, HS=humongous(starts), HC=humongous(continues), CS=collection set, F=free, OA=open archive, CA=closed archive, TAMS=top-at-mark-start (previous, next)
|   0|0x0000000780000000, 0x0000000780100000, 0x0000000780100000|100%| O|  |TAMS 0x0000000780100000, 0x0000000780000000| Untracked 
|   1|0x0000000780100000, 0x0000000780200000, 0x0000000780200000|100%| O|  |TAMS 0x0000000780200000, 0x0000000780100000| Untracked 
|   2|0x0000000780200000, 0x0000000780300000, 0x0000000780300000|100%| O|  |TAMS 0x0000000780300000, 0x0000000780200000| Untracked 
|   3|0x0000000780300000, 0x0000000780400000, 0x0000000780400000|100%| O|  |TAMS 0x0000000780400000, 0x0000000780300000| Untracked 
|   4|0x0000000780400000, 0x0000000780500000, 0x0000000780500000|100%|HS|  |TAMS 0x0000000780400000, 0x0000000780400000| Complete 
|   5|0x0000000780500000, 0x0000000780600000, 0x0000000780600000|100%| O|  |TAMS 0x0000000780600000, 0x0000000780500000| Untracked 
|   6|0x0000000780600000, 0x0000000780700000, 0x0000000780700000|100%| O|  |TAMS 0x0000000780700000, 0x0000000780600000| Untracked 
|   7|0x0000000780700000, 0x0000000780800000, 0x0000000780800000|100%| O|  |TAMS 0x0000000780800000, 0x0000000780700000| Untracked 
|   8|0x0000000780800000, 0x0000000780900000, 0x0000000780900000|100%| O|  |TAMS 0x0000000780900000, 0x0000000780800000| Untracked 
|   9|0x0000000780900000, 0x0000000780a00000, 0x0000000780a00000|100%| O|  |TAMS 0x0000000780a00000, 0x0000000780900000| Untracked 
|  10|0x0000000780a00000, 0x0000000780b00000, 0x0000000780b00000|100%| O|  |TAMS 0x0000000780b00000, 0x0000000780a00000| Untracked 
|  11|0x0000000780b00000, 0x0000000780c00000, 0x0000000780c00000|100%| O|  |TAMS 0x0000000780c00000, 0x0000000780b00000| Untracked 
|  12|0x0000000780c00000, 0x0000000780d00000, 0x0000000780d00000|100%| O|  |TAMS 0x0000000780d00000, 0x0000000780c00000| Untracked 
|  13|0x0000000780d00000, 0x0000000780e00000, 0x0000000780e00000|100%| O|  |TAMS 0x0000000780e00000, 0x0000000780d00000| Untracked 
|  14|0x0000000780e00000, 0x0000000780e00000, 0x0000000780f00000|  0%| F|  |TAMS 0x0000000780e00000, 0x0000000780e00000| Untracked 
|  15|0x0000000780f00000, 0x0000000781000000, 0x0000000781000000|100%| O|  |TAMS 0x0000000780f00000, 0x0000000780f00000| Untracked 
|  16|0x0000000781000000, 0x0000000781100000, 0x0000000781100000|100%| O|  |TAMS 0x0000000781000000, 0x0000000781000000| Untracked 
|  17|0x0000000781100000, 0x0000000781200000, 0x0000000781200000|100%|HS|  |TAMS 0x0000000781200000, 0x0000000781100000| Complete 
|  18|0x0000000781200000, 0x0000000781300000, 0x0000000781300000|100%|HC|  |TAMS 0x0000000781300000, 0x0000000781200000| Complete 
|  19|0x0000000781300000, 0x0000000781400000, 0x0000000781400000|100%|HS|  |TAMS 0x0000000781300000, 0x0000000781300000| Complete 
|  20|0x0000000781400000, 0x0000000781500000, 0x0000000781500000|100%| O|  |TAMS 0x0000000781400000, 0x0000000781400000| Untracked 
|  21|0x0000000781500000, 0x0000000781600000, 0x0000000781600000|100%| O|  |TAMS 0x0000000781500000, 0x0000000781500000| Untracked 
|  22|0x0000000781600000, 0x0000000781700000, 0x0000000781700000|100%| O|  |TAMS 0x0000000781600000, 0x0000000781600000| Untracked 
|  23|0x0000000781700000, 0x0000000781800000, 0x0000000781800000|100%| O|  |TAMS 0x0000000781700000, 0x0000000781700000| Untracked 
|  24|0x0000000781800000, 0x0000000781900000, 0x0000000781900000|100%| O|  |TAMS 0x0000000781800000, 0x0000000781800000| Untracked 
|  25|0x0000000781900000, 0x0000000781a00000, 0x0000000781a00000|100%| O|  |TAMS 0x0000000781900000, 0x0000000781900000| Untracked 
|  26|0x0000000781a00000, 0x0000000781b00000, 0x0000000781b00000|100%| O|  |TAMS 0x0000000781a00000, 0x0000000781a00000| Untracked 
|  27|0x0000000781b00000, 0x0000000781c00000, 0x0000000781c00000|100%| O|  |TAMS 0x0000000781b00000, 0x0000000781b00000| Untracked 
|  28|0x0000000781c00000, 0x0000000781d00000, 0x0000000781d00000|100%| O|  |TAMS 0x0000000781c00000, 0x0000000781c00000| Untracked 
|  29|0x0000000781d00000, 0x0000000781d00000, 0x0000000781e00000|  0%| F|  |TAMS 0x0000000781d00000, 0x0000000781d00000| Untracked 
|  30|0x0000000781e00000, 0x0000000781e00000, 0x0000000781f00000|  0%| F|  |TAMS 0x0000000781e00000, 0x0000000781e00000| Untracked 
|  31|0x0000000781f00000, 0x0000000781f00000, 0x0000000782000000|  0%| F|  |TAMS 0x0000000781f00000, 0x0000000781f00000| Untracked 
|  32|0x0000000782000000, 0x0000000782000000, 0x0000000782100000|  0%| F|  |TAMS 0x0000000782000000, 0x0000000782000000| Untracked 
|  33|0x0000000782100000, 0x0000000782100000, 0x0000000782200000|  0%| F|  |TAMS 0x0000000782100000, 0x0000000782100000| Untracked 
|  34|0x0000000782200000, 0x0000000782200000, 0x0000000782300000|  0%| F|  |TAMS 0x0000000782200000, 0x0000000782200000| Untracked 
|  35|0x0000000782300000, 0x0000000782300000, 0x0000000782400000|  0%| F|  |TAMS 0x0000000782300000, 0x0000000782300000| Untracked 
|  36|0x0000000782400000, 0x0000000782400000, 0x0000000782500000|  0%| F|  |TAMS 0x0000000782400000, 0x0000000782400000| Untracked 
|  37|0x0000000782500000, 0x0000000782600000, 0x0000000782600000|100%| O|  |TAMS 0x0000000782500000, 0x0000000782500000| Untracked 
|  38|0x0000000782600000, 0x0000000782700000, 0x0000000782700000|100%| O|  |TAMS 0x0000000782600000, 0x0000000782600000| Untracked 
|  39|0x0000000782700000, 0x0000000782800000, 0x0000000782800000|100%| O|  |TAMS 0x0000000782700000, 0x0000000782700000| Untracked 
|  40|0x0000000782800000, 0x0000000782900000, 0x0000000782900000|100%| O|  |TAMS 0x0000000782800000, 0x0000000782800000| Untracked 
|  41|0x0000000782900000, 0x0000000782a00000, 0x0000000782a00000|100%| O|  |TAMS 0x0000000782900000, 0x0000000782900000| Untracked 
|  42|0x0000000782a00000, 0x0000000782b00000, 0x0000000782b00000|100%| O|  |TAMS 0x0000000782a00000, 0x0000000782a00000| Untracked 
|  43|0x0000000782b00000, 0x0000000782b00000, 0x0000000782c00000|  0%| F|  |TAMS 0x0000000782b00000, 0x0000000782b00000| Untracked 
|  44|0x0000000782c00000, 0x0000000782c00000, 0x0000000782d00000|  0%| F|  |TAMS 0x0000000782c00000, 0x0000000782c00000| Untracked 
|  45|0x0000000782d00000, 0x0000000782d00000, 0x0000000782e00000|  0%| F|  |TAMS 0x0000000782d00000, 0x0000000782d00000| Untracked 
|  46|0x0000000782e00000, 0x0000000782e00000, 0x0000000782f00000|  0%| F|  |TAMS 0x0000000782e00000, 0x0000000782e00000| Untracked 
|  47|0x0000000782f00000, 0x0000000782f00000, 0x0000000783000000|  0%| F|  |TAMS 0x0000000782f00000, 0x0000000782f00000| Untracked 
|  48|0x0000000783000000, 0x0000000783000000, 0x0000000783100000|  0%| F|  |TAMS 0x0000000783000000, 0x0000000783000000| Untracked 
|  49|0x0000000783100000, 0x0000000783100000, 0x0000000783200000|  0%| F|  |TAMS 0x0000000783100000, 0x0000000783100000| Untracked 
|  50|0x0000000783200000, 0x0000000783200000, 0x0000000783300000|  0%| F|  |TAMS 0x0000000783200000, 0x0000000783200000| Untracked 
|  51|0x0000000783300000, 0x0000000783300000, 0x0000000783400000|  0%| F|  |TAMS 0x0000000783300000, 0x0000000783300000| Untracked 
|  52|0x0000000783400000, 0x0000000783400000, 0x0000000783500000|  0%| F|  |TAMS 0x0000000783400000, 0x0000000783400000| Untracked 
|  53|0x0000000783500000, 0x0000000783500000, 0x0000000783600000|  0%| F|  |TAMS 0x0000000783500000, 0x0000000783500000| Untracked 
|  54|0x0000000783600000, 0x0000000783600000, 0x0000000783700000|  0%| F|  |TAMS 0x0000000783600000, 0x0000000783600000| Untracked 
|  55|0x0000000783700000, 0x0000000783700000, 0x0000000783800000|  0%| F|  |TAMS 0x0000000783700000, 0x0000000783700000| Untracked 
|  56|0x0000000783800000, 0x0000000783800000, 0x0000000783900000|  0%| F|  |TAMS 0x0000000783800000, 0x0000000783800000| Untracked 
|  57|0x0000000783900000, 0x0000000783900000, 0x0000000783a00000|  0%| F|  |TAMS 0x0000000783900000, 0x0000000783900000| Untracked 
|  58|0x0000000783a00000, 0x0000000783a00000, 0x0000000783b00000|  0%| F|  |TAMS 0x0000000783a00000, 0x0000000783a00000| Untracked 
|  59|0x0000000783b00000, 0x0000000783b00000, 0x0000000783c00000|  0%| F|  |TAMS 0x0000000783b00000, 0x0000000783b00000| Untracked 
|  60|0x0000000783c00000, 0x0000000783c00000, 0x0000000783d00000|  0%| F|  |TAMS 0x0000000783c00000, 0x0000000783c00000| Untracked 
|  61|0x0000000783d00000, 0x0000000783d65840, 0x0000000783e00000| 39%| S|  |TAMS 0x0000000783d00000, 0x0000000783d00000| Complete 
|  62|0x0000000783e00000, 0x0000000783f00000, 0x0000000783f00000|100%| S|  |TAMS 0x0000000783e00000, 0x0000000783e00000| Complete 
|  63|0x0000000783f00000, 0x0000000784000000, 0x0000000784000000|100%| S|  |TAMS 0x0000000783f00000, 0x0000000783f00000| Complete 
|  64|0x0000000784000000, 0x0000000784100000, 0x0000000784100000|100%| S|  |TAMS 0x0000000784000000, 0x0000000784000000| Complete 
|  65|0x0000000784100000, 0x0000000784200000, 0x0000000784200000|100%| S|  |TAMS 0x0000000784100000, 0x0000000784100000| Complete 
|  66|0x0000000784200000, 0x00000007842a1e78, 0x0000000784300000| 63%| E|CS|TAMS 0x0000000784200000, 0x0000000784200000| Complete 
|  67|0x0000000784300000, 0x0000000784400000, 0x0000000784400000|100%| E|CS|TAMS 0x0000000784300000, 0x0000000784300000| Complete 
|  68|0x0000000784400000, 0x0000000784500000, 0x0000000784500000|100%| E|CS|TAMS 0x0000000784400000, 0x0000000784400000| Complete 
|  69|0x0000000784500000, 0x0000000784600000, 0x0000000784600000|100%| E|CS|TAMS 0x0000000784500000, 0x0000000784500000| Complete 
|  70|0x0000000784600000, 0x0000000784700000, 0x0000000784700000|100%| S|  |TAMS 0x0000000784600000, 0x0000000784600000| Complete 
|  71|0x0000000784700000, 0x0000000784800000, 0x0000000784800000|100%| E|CS|TAMS 0x0000000784700000, 0x0000000784700000| Complete 
|  72|0x0000000784800000, 0x0000000784900000, 0x0000000784900000|100%| E|CS|TAMS 0x0000000784800000, 0x0000000784800000| Complete 
|  73|0x0000000784900000, 0x0000000784a00000, 0x0000000784a00000|100%| E|CS|TAMS 0x0000000784900000, 0x0000000784900000| Complete 
|  74|0x0000000784a00000, 0x0000000784b00000, 0x0000000784b00000|100%| E|CS|TAMS 0x0000000784a00000, 0x0000000784a00000| Complete 
|  75|0x0000000784b00000, 0x0000000784c00000, 0x0000000784c00000|100%| E|CS|TAMS 0x0000000784b00000, 0x0000000784b00000| Complete 
|  76|0x0000000784c00000, 0x0000000784d00000, 0x0000000784d00000|100%| E|CS|TAMS 0x0000000784c00000, 0x0000000784c00000| Complete 
|  77|0x0000000784d00000, 0x0000000784e00000, 0x0000000784e00000|100%| E|CS|TAMS 0x0000000784d00000, 0x0000000784d00000| Complete 
|  78|0x0000000784e00000, 0x0000000784f00000, 0x0000000784f00000|100%| E|CS|TAMS 0x0000000784e00000, 0x0000000784e00000| Complete 
|  79|0x0000000784f00000, 0x0000000785000000, 0x0000000785000000|100%| E|CS|TAMS 0x0000000784f00000, 0x0000000784f00000| Complete 
|  80|0x0000000785000000, 0x0000000785100000, 0x0000000785100000|100%| E|CS|TAMS 0x0000000785000000, 0x0000000785000000| Complete 
|  81|0x0000000785100000, 0x0000000785200000, 0x0000000785200000|100%| E|CS|TAMS 0x0000000785100000, 0x0000000785100000| Complete 
|  82|0x0000000785200000, 0x0000000785300000, 0x0000000785300000|100%| E|CS|TAMS 0x0000000785200000, 0x0000000785200000| Complete 
|  83|0x0000000785300000, 0x0000000785400000, 0x0000000785400000|100%| E|CS|TAMS 0x0000000785300000, 0x0000000785300000| Complete 
|  84|0x0000000785400000, 0x0000000785500000, 0x0000000785500000|100%| E|CS|TAMS 0x0000000785400000, 0x0000000785400000| Complete 
|  85|0x0000000785500000, 0x0000000785600000, 0x0000000785600000|100%| E|CS|TAMS 0x0000000785500000, 0x0000000785500000| Complete 
|  86|0x0000000785600000, 0x0000000785700000, 0x0000000785700000|100%| E|CS|TAMS 0x0000000785600000, 0x0000000785600000| Complete 
|  87|0x0000000785700000, 0x0000000785800000, 0x0000000785800000|100%| E|CS|TAMS 0x0000000785700000, 0x0000000785700000| Complete 
|  88|0x0000000785800000, 0x0000000785900000, 0x0000000785900000|100%| E|CS|TAMS 0x0000000785800000, 0x0000000785800000| Complete 
|  89|0x0000000785900000, 0x0000000785a00000, 0x0000000785a00000|100%| E|CS|TAMS 0x0000000785900000, 0x0000000785900000| Complete 
|  90|0x0000000785a00000, 0x0000000785b00000, 0x0000000785b00000|100%| E|CS|TAMS 0x0000000785a00000, 0x0000000785a00000| Complete 
|  91|0x0000000785b00000, 0x0000000785c00000, 0x0000000785c00000|100%| E|CS|TAMS 0x0000000785b00000, 0x0000000785b00000| Complete 
|  92|0x0000000785c00000, 0x0000000785d00000, 0x0000000785d00000|100%| E|CS|TAMS 0x0000000785c00000, 0x0000000785c00000| Complete 
|  93|0x0000000785d00000, 0x0000000785e00000, 0x0000000785e00000|100%| E|CS|TAMS 0x0000000785d00000, 0x0000000785d00000| Complete 
|  94|0x0000000785e00000, 0x0000000785f00000, 0x0000000785f00000|100%| E|CS|TAMS 0x0000000785e00000, 0x0000000785e00000| Complete 
|  95|0x0000000785f00000, 0x0000000786000000, 0x0000000786000000|100%| E|CS|TAMS 0x0000000785f00000, 0x0000000785f00000| Complete 
|  96|0x0000000786000000, 0x0000000786100000, 0x0000000786100000|100%| E|CS|TAMS 0x0000000786000000, 0x0000000786000000| Complete 
|  97|0x0000000786100000, 0x0000000786200000, 0x0000000786200000|100%| E|CS|TAMS 0x0000000786100000, 0x0000000786100000| Complete 
|  98|0x0000000786200000, 0x0000000786300000, 0x0000000786300000|100%| E|CS|TAMS 0x0000000786200000, 0x0000000786200000| Complete 
|  99|0x0000000786300000, 0x0000000786400000, 0x0000000786400000|100%| E|CS|TAMS 0x0000000786300000, 0x0000000786300000| Complete 
| 100|0x0000000786400000, 0x0000000786500000, 0x0000000786500000|100%| E|CS|TAMS 0x0000000786400000, 0x0000000786400000| Complete 
| 101|0x0000000786500000, 0x0000000786600000, 0x0000000786600000|100%| E|CS|TAMS 0x0000000786500000, 0x0000000786500000| Complete 
| 102|0x0000000786600000, 0x0000000786700000, 0x0000000786700000|100%| E|CS|TAMS 0x0000000786600000, 0x0000000786600000| Complete 
| 103|0x0000000786700000, 0x0000000786800000, 0x0000000786800000|100%| E|CS|TAMS 0x0000000786700000, 0x0000000786700000| Complete 
| 104|0x0000000786800000, 0x0000000786900000, 0x0000000786900000|100%| E|CS|TAMS 0x0000000786800000, 0x0000000786800000| Complete 
| 105|0x0000000786900000, 0x0000000786a00000, 0x0000000786a00000|100%| E|CS|TAMS 0x0000000786900000, 0x0000000786900000| Complete 
| 106|0x0000000786a00000, 0x0000000786b00000, 0x0000000786b00000|100%| E|CS|TAMS 0x0000000786a00000, 0x0000000786a00000| Complete 
| 108|0x0000000786c00000, 0x0000000786d00000, 0x0000000786d00000|100%| E|CS|TAMS 0x0000000786c00000, 0x0000000786c00000| Complete 
| 109|0x0000000786d00000, 0x0000000786e00000, 0x0000000786e00000|100%| E|CS|TAMS 0x0000000786d00000, 0x0000000786d00000| Complete 
| 110|0x0000000786e00000, 0x0000000786f00000, 0x0000000786f00000|100%| E|CS|TAMS 0x0000000786e00000, 0x0000000786e00000| Complete 
| 111|0x0000000786f00000, 0x0000000787000000, 0x0000000787000000|100%| E|CS|TAMS 0x0000000786f00000, 0x0000000786f00000| Complete 
| 112|0x0000000787000000, 0x0000000787100000, 0x0000000787100000|100%| E|CS|TAMS 0x0000000787000000, 0x0000000787000000| Complete 
| 113|0x0000000787100000, 0x0000000787200000, 0x0000000787200000|100%| E|CS|TAMS 0x0000000787100000, 0x0000000787100000| Complete 
| 114|0x0000000787200000, 0x0000000787300000, 0x0000000787300000|100%| E|CS|TAMS 0x0000000787200000, 0x0000000787200000| Complete 
| 115|0x0000000787300000, 0x0000000787400000, 0x0000000787400000|100%| E|CS|TAMS 0x0000000787300000, 0x0000000787300000| Complete 
| 127|0x0000000787f00000, 0x0000000788000000, 0x0000000788000000|100%| E|CS|TAMS 0x0000000787f00000, 0x0000000787f00000| Complete 
|2039|0x00000007ff700000, 0x00000007ff800000, 0x00000007ff800000|100%| O|  |TAMS 0x00000007ff700000, 0x00000007ff700000| Untracked 
|2040|0x00000007ff800000, 0x00000007ff900000, 0x00000007ff900000|100%| O|  |TAMS 0x00000007ff800000, 0x00000007ff800000| Untracked 
|2041|0x00000007ff900000, 0x00000007ffa00000, 0x00000007ffa00000|100%| O|  |TAMS 0x00000007ff900000, 0x00000007ff900000| Untracked 
|2042|0x00000007ffa00000, 0x00000007ffb00000, 0x00000007ffb00000|100%| O|  |TAMS 0x00000007ffa00000, 0x00000007ffa00000| Untracked 
|2043|0x00000007ffb00000, 0x00000007ffc00000, 0x00000007ffc00000|100%| O|  |TAMS 0x00000007ffb00000, 0x00000007ffb00000| Untracked 
|2044|0x00000007ffc00000, 0x00000007ffd00000, 0x00000007ffd00000|100%| O|  |TAMS 0x00000007ffc00000, 0x00000007ffc00000| Untracked 
|2045|0x00000007ffd00000, 0x00000007ffe00000, 0x00000007ffe00000|100%| O|  |TAMS 0x00000007ffd00000, 0x00000007ffd00000| Untracked 
|2046|0x00000007ffe00000, 0x00000007ffe74000, 0x00000007fff00000| 45%|OA|  |TAMS 0x00000007ffe74000, 0x00000007ffe00000| Untracked 
|2047|0x00000007fff00000, 0x00000007fff72000, 0x0000000800000000| 44%|CA|  |TAMS 0x00000007fff72000, 0x00000007fff00000| Untracked 

Card table byte_map: [0x000000010b6d0000,0x000000010bad0000] _byte_map_base: 0x0000000107ad0000

Marking Bits (Prev, Next): (CMBitMap*) 0x00007fee69819c50, (CMBitMap*) 0x00007fee69819c10
 Prev Bits: [0x0000000127077000, 0x0000000129077000)
 Next Bits: [0x0000000125077000, 0x0000000127077000)

Polling page: 0x000000010af7f000

Metaspace:

Usage:
  Non-class:     26.25 MB used.
      Class:      3.28 MB used.
       Both:     29.53 MB used.

Virtual space:
  Non-class space:       64.00 MB reserved,      26.56 MB ( 42%) committed,  1 nodes.
      Class space:        1.00 GB reserved,       3.56 MB ( <1%) committed,  1 nodes.
             Both:        1.06 GB reserved,      30.12 MB (  3%) committed. 

Chunk freelists:
   Non-Class:  760.00 KB
       Class:  463.00 KB
        Both:  1.19 MB

MaxMetaspaceSize: unlimited
CompressedClassSpaceSize: 1.00 GB
Initial GC threshold: 21.00 MB
Current GC threshold: 35.56 MB
CDS: on
MetaspaceReclaimPolicy: balanced
 - commit_granule_bytes: 65536.
 - commit_granule_words: 8192.
 - virtual_space_node_default_size: 8388608.
 - enlarge_chunks_in_place: 1.
 - new_chunks_are_fully_committed: 0.
 - uncommit_free_chunks: 1.
 - use_allocation_guard: 0.


Internal statistics:

num_allocs_failed_limit: 3.
num_arena_births: 536.
num_arena_deaths: 0.
num_vsnodes_births: 2.
num_vsnodes_deaths: 0.
num_space_committed: 482.
num_space_uncommitted: 0.
num_chunks_returned_to_freelist: 3.
num_chunks_taken_from_freelist: 1674.
num_chunk_merges: 3.
num_chunk_splits: 1158.
num_chunks_enlarged: 857.
num_inconsistent_stats: 0.

CodeHeap 'non-profiled nmethods': size=120028Kb used=3226Kb max_used=3226Kb free=116801Kb
 bounds [0x000000011db40000, 0x000000011de70000, 0x0000000125077000]
CodeHeap 'profiled nmethods': size=120028Kb used=14554Kb max_used=14554Kb free=105473Kb
 bounds [0x0000000116609000, 0x0000000117449000, 0x000000011db40000]
CodeHeap 'non-nmethods': size=5704Kb used=1218Kb max_used=1270Kb free=4485Kb
 bounds [0x0000000116077000, 0x00000001162e7000, 0x0000000116609000]
 total_blobs=7088 nmethods=6573 adapters=429
 compilation: enabled
              stopped_count=0, restarted_count=0
 full_count=0

Compilation events (20 events):
Event: 10.303 Thread 0x00007fee6985b600 nmethod 7466 0x0000000117430a10 code [0x0000000117430c20, 0x0000000117431270]
Event: 10.303 Thread 0x00007fee6985b600 7467       3       com.sun.tools.javac.code.Types::containsTypeEquivalent (68 bytes)
Event: 10.304 Thread 0x00007fee6985b600 nmethod 7467 0x0000000117431490 code [0x0000000117431740, 0x0000000117432a40]
Event: 10.304 Thread 0x00007fee6985b600 7468       1       lombok.core.handlers.InclusionExclusionUtils$Included::hasExplicitRank (5 bytes)
Event: 10.304 Thread 0x00007fee6985b600 nmethod 7468 0x000000011de61990 code [0x000000011de61b20, 0x000000011de61bf0]
Event: 10.304 Thread 0x00007fee6985b600 7469       1       lombok.core.handlers.InclusionExclusionUtils$Included::access$0 (5 bytes)
Event: 10.304 Thread 0x00007fee6985b600 nmethod 7469 0x000000011de61c90 code [0x000000011de61e20, 0x000000011de61ed0]
Event: 10.310 Thread 0x00007fee6985b600 7470       1       lombok.core.handlers.InclusionExclusionUtils$Included::getInc (5 bytes)
Event: 10.310 Thread 0x00007fee6985b600 nmethod 7470 0x000000011de61f90 code [0x000000011de62120, 0x000000011de621f0]
Event: 10.311 Thread 0x00007fee6985b600 7471       3       com.sun.tools.javac.comp.Resolve::findMethod (549 bytes)
Event: 10.314 Thread 0x00007fee6985b600 nmethod 7471 0x0000000117432f10 code [0x00000001174335c0, 0x0000000117437f70]
Event: 10.314 Thread 0x00007fee6985b600 7472       3       lombok.javac.handlers.JavacHandlerUtil::removePrefixFromField (254 bytes)
Event: 10.316 Thread 0x00007fee6985b600 nmethod 7472 0x0000000117439a90 code [0x000000011743a0a0, 0x000000011743e310]
Event: 10.316 Thread 0x00007fee6985b600 7475       3       lombok.javac.JavacAST::traverse (12 bytes)
Event: 10.316 Thread 0x00007fee6985b600 nmethod 7475 0x000000011743f510 code [0x000000011743f6c0, 0x000000011743f9a0]
Event: 10.317 Thread 0x00007fee6985b600 7476       3       jdk.internal.org.objectweb.asm.ClassWriter::visitSource (39 bytes)
Event: 10.317 Thread 0x00007fee6985b600 nmethod 7476 0x000000011743fa90 code [0x000000011743fc60, 0x0000000117440110]
Event: 10.319 Thread 0x00007fee6985b600 7478       3       java.lang.invoke.LambdaForm$MH/0x0000000800f81000::invoke (42 bytes)
Event: 10.319 Thread 0x00007fee6a812800 nmethod 7460 0x000000011de62290 code [0x000000011de626c0, 0x000000011de64a80]
Event: 10.319 Thread 0x00007fee6a812800 7473       4       java.util.IdentityHashMap$IdentityHashMapIterator::hasNext (50 bytes)

GC Heap History (17 events):
Event: 1.172 GC heap before
{Heap before GC invocations=0 (full 0):
 garbage-first heap   total 133120K, used 23448K [0x0000000780000000, 0x0000000800000000)
  region size 1024K, 23 young (23552K), 0 survivors (0K)
 Metaspace       used 5877K, committed 6016K, reserved 1114112K
  class space    used 678K, committed 768K, reserved 1048576K
}
Event: 1.181 GC heap after
{Heap after GC invocations=1 (full 0):
 garbage-first heap   total 133120K, used 4471K [0x0000000780000000, 0x0000000800000000)
  region size 1024K, 3 young (3072K), 3 survivors (3072K)
 Metaspace       used 5877K, committed 6016K, reserved 1114112K
  class space    used 678K, committed 768K, reserved 1048576K
}
Event: 2.243 GC heap before
{Heap before GC invocations=1 (full 0):
 garbage-first heap   total 133120K, used 43383K [0x0000000780000000, 0x0000000800000000)
  region size 1024K, 41 young (41984K), 3 survivors (3072K)
 Metaspace       used 11800K, committed 12032K, reserved 1114112K
  class space    used 1421K, committed 1536K, reserved 1048576K
}
Event: 2.264 GC heap after
{Heap after GC invocations=2 (full 0):
 garbage-first heap   total 133120K, used 6979K [0x0000000780000000, 0x0000000800000000)
  region size 1024K, 6 young (6144K), 6 survivors (6144K)
 Metaspace       used 11800K, committed 12032K, reserved 1114112K
  class space    used 1421K, committed 1536K, reserved 1048576K
}
Event: 5.327 GC heap before
{Heap before GC invocations=2 (full 0):
 garbage-first heap   total 133120K, used 78659K [0x0000000780000000, 0x0000000800000000)
  region size 1024K, 76 young (77824K), 6 survivors (6144K)
 Metaspace       used 16799K, committed 17088K, reserved 1114112K
  class space    used 1934K, committed 2112K, reserved 1048576K
}
Event: 5.457 GC heap after
{Heap after GC invocations=3 (full 0):
 garbage-first heap   total 133120K, used 15051K [0x0000000780000000, 0x0000000800000000)
  region size 1024K, 10 young (10240K), 10 survivors (10240K)
 Metaspace       used 16799K, committed 17088K, reserved 1114112K
  class space    used 1934K, committed 2112K, reserved 1048576K
}
Event: 7.305 GC heap before
{Heap before GC invocations=3 (full 0):
 garbage-first heap   total 133120K, used 83659K [0x0000000780000000, 0x0000000800000000)
  region size 1024K, 76 young (77824K), 10 survivors (10240K)
 Metaspace       used 20340K, committed 20800K, reserved 1114112K
  class space    used 2257K, committed 2496K, reserved 1048576K
}
Event: 7.326 GC heap after
{Heap after GC invocations=4 (full 0):
 garbage-first heap   total 133120K, used 19587K [0x0000000780000000, 0x0000000800000000)
  region size 1024K, 5 young (5120K), 5 survivors (5120K)
 Metaspace       used 20340K, committed 20800K, reserved 1114112K
  class space    used 2257K, committed 2496K, reserved 1048576K
}
Event: 7.529 GC heap before
{Heap before GC invocations=4 (full 0):
 garbage-first heap   total 133120K, used 34947K [0x0000000780000000, 0x0000000800000000)
  region size 1024K, 17 young (17408K), 5 survivors (5120K)
 Metaspace       used 21131K, committed 21504K, reserved 1114112K
  class space    used 2357K, committed 2560K, reserved 1048576K
}
Event: 7.534 GC heap after
{Heap after GC invocations=5 (full 0):
 garbage-first heap   total 133120K, used 26755K [0x0000000780000000, 0x0000000800000000)
  region size 1024K, 8 young (8192K), 8 survivors (8192K)
 Metaspace       used 21131K, committed 21504K, reserved 1114112K
  class space    used 2357K, committed 2560K, reserved 1048576K
}
Event: 8.533 GC heap before
{Heap before GC invocations=6 (full 0):
 garbage-first heap   total 99328K, used 80003K [0x0000000780000000, 0x0000000800000000)
  region size 1024K, 58 young (59392K), 8 survivors (8192K)
 Metaspace       used 27012K, committed 27456K, reserved 1114112K
  class space    used 3014K, committed 3200K, reserved 1048576K
}
Event: 8.557 GC heap after
{Heap after GC invocations=7 (full 0):
 garbage-first heap   total 106496K, used 42931K [0x0000000780000000, 0x0000000800000000)
  region size 1024K, 8 young (8192K), 8 survivors (8192K)
 Metaspace       used 27012K, committed 27456K, reserved 1114112K
  class space    used 3014K, committed 3200K, reserved 1048576K
}
Event: 8.651 GC heap before
{Heap before GC invocations=7 (full 0):
 garbage-first heap   total 106496K, used 43955K [0x0000000780000000, 0x0000000800000000)
  region size 1024K, 9 young (9216K), 8 survivors (8192K)
 Metaspace       used 27016K, committed 27456K, reserved 1114112K
  class space    used 3014K, committed 3200K, reserved 1048576K
}
Event: 8.659 GC heap after
{Heap after GC invocations=8 (full 0):
 garbage-first heap   total 128000K, used 43928K [0x0000000780000000, 0x0000000800000000)
  region size 1024K, 1 young (1024K), 1 survivors (1024K)
 Metaspace       used 27016K, committed 27456K, reserved 1114112K
  class space    used 3014K, committed 3200K, reserved 1048576K
}
Event: 9.651 GC heap before
{Heap before GC invocations=8 (full 0):
 garbage-first heap   total 128000K, used 88984K [0x0000000780000000, 0x0000000800000000)
  region size 1024K, 46 young (47104K), 1 survivors (1024K)
 Metaspace       used 29207K, committed 29696K, reserved 1114112K
  class space    used 3234K, committed 3456K, reserved 1048576K
}
Event: 9.655 GC heap after
{Heap after GC invocations=9 (full 0):
 garbage-first heap   total 128000K, used 46623K [0x0000000780000000, 0x0000000800000000)
  region size 1024K, 4 young (4096K), 4 survivors (4096K)
 Metaspace       used 29207K, committed 29696K, reserved 1114112K
  class space    used 3234K, committed 3456K, reserved 1048576K
}
Event: 10.320 GC heap before
{Heap before GC invocations=9 (full 0):
 garbage-first heap   total 128000K, used 92703K [0x0000000780000000, 0x0000000800000000)
  region size 1024K, 49 young (50176K), 4 survivors (4096K)
 Metaspace       used 30238K, committed 30848K, reserved 1114112K
  class space    used 3359K, committed 3648K, reserved 1048576K
}

Deoptimization events (20 events):
Event: 10.024 Thread 0x00007fee6b808800 Uncommon trap: trap_request=0xffffffbe fr.pc=0x000000011dc15560 relative=0x00000000000010a0
Event: 10.024 Thread 0x00007fee6b808800 Uncommon trap: reason=profile_predicate action=maybe_recompile pc=0x000000011dc15560 method=java.util.TimSort.binarySort([Ljava/lang/Object;IIILjava/util/Comparator;)V @ 34 c2
Event: 10.024 Thread 0x00007fee6b808800 DEOPT PACKING pc=0x000000011dc15560 sp=0x00000003095a5680
Event: 10.024 Thread 0x00007fee6b808800 DEOPT UNPACKING pc=0x00000001160c9093 sp=0x00000003095a5650 mode 2
Event: 10.055 Thread 0x00007fee6b808800 Uncommon trap: trap_request=0xffffff45 fr.pc=0x000000011de17efc relative=0x0000000000005d7c
Event: 10.055 Thread 0x00007fee6b808800 Uncommon trap: reason=unstable_if action=reinterpret pc=0x000000011de17efc method=jdk.internal.loader.BuiltinClassLoader.findLoadedModule(Ljava/lang/String;)Ljdk/internal/loader/BuiltinClassLoader$LoadedModule; @ 8 c2
Event: 10.055 Thread 0x00007fee6b808800 DEOPT PACKING pc=0x000000011de17efc sp=0x00000003095a4da0
Event: 10.055 Thread 0x00007fee6b808800 DEOPT UNPACKING pc=0x00000001160c9093 sp=0x00000003095a4d88 mode 2
Event: 10.055 Thread 0x00007fee6b808800 Uncommon trap: trap_request=0xffffff45 fr.pc=0x000000011dda4b68 relative=0x0000000000000748
Event: 10.055 Thread 0x00007fee6b808800 Uncommon trap: reason=unstable_if action=reinterpret pc=0x000000011dda4b68 method=jdk.internal.loader.BuiltinClassLoader.findLoadedModule(Ljava/lang/String;)Ljdk/internal/loader/BuiltinClassLoader$LoadedModule; @ 8 c2
Event: 10.055 Thread 0x00007fee6b808800 DEOPT PACKING pc=0x000000011dda4b68 sp=0x00000003095a4ca0
Event: 10.055 Thread 0x00007fee6b808800 DEOPT UNPACKING pc=0x00000001160c9093 sp=0x00000003095a4c70 mode 2
Event: 10.057 Thread 0x00007fee6b808800 DEOPT PACKING pc=0x0000000117089d32 sp=0x00000003095a4b10
Event: 10.057 Thread 0x00007fee6b808800 DEOPT UNPACKING pc=0x00000001160c9810 sp=0x00000003095a3fb0 mode 0
Event: 10.175 Thread 0x00007fee6b808800 DEOPT PACKING pc=0x00000001167edbce sp=0x00000003095a54b0
Event: 10.175 Thread 0x00007fee6b808800 DEOPT UNPACKING pc=0x00000001160c9810 sp=0x00000003095a4988 mode 0
Event: 10.317 Thread 0x00007fee6b808800 DEOPT PACKING pc=0x0000000116810967 sp=0x00000003095a5a20
Event: 10.317 Thread 0x00007fee6b808800 DEOPT UNPACKING pc=0x00000001160c9810 sp=0x00000003095a4f18 mode 0
Event: 10.317 Thread 0x00007fee6b808800 DEOPT PACKING pc=0x000000011667fc7a sp=0x00000003095a5ba0
Event: 10.317 Thread 0x00007fee6b808800 DEOPT UNPACKING pc=0x00000001160c9810 sp=0x00000003095a50a0 mode 0

Classes loaded (20 events):
Event: 9.444 Loading class java/util/Vector$1
Event: 9.444 Loading class java/util/Vector$1 done
Event: 9.445 Loading class java/io/PushbackInputStream
Event: 9.445 Loading class java/io/PushbackInputStream done
Event: 9.567 Loading class java/util/Collections$UnmodifiableSortedSet
Event: 9.567 Loading class java/util/Collections$UnmodifiableSortedSet done
Event: 9.582 Loading class java/util/IdentityHashMap$EntrySet
Event: 9.583 Loading class java/util/IdentityHashMap$EntrySet done
Event: 9.583 Loading class java/util/IdentityHashMap$EntryIterator
Event: 9.583 Loading class java/util/IdentityHashMap$EntryIterator done
Event: 9.583 Loading class java/util/IdentityHashMap$EntryIterator$Entry
Event: 9.583 Loading class java/util/IdentityHashMap$EntryIterator$Entry done
Event: 9.767 Loading class java/util/regex/Pattern$SliceI
Event: 9.767 Loading class java/util/regex/Pattern$SliceI done
Event: 9.769 Loading class java/util/regex/Pattern$Loop
Event: 9.769 Loading class java/util/regex/Pattern$Loop done
Event: 9.769 Loading class java/util/regex/Pattern$Prolog
Event: 9.769 Loading class java/util/regex/Pattern$Prolog done
Event: 9.848 Loading class java/util/regex/Pattern$LazyLoop
Event: 9.848 Loading class java/util/regex/Pattern$LazyLoop done

Classes unloaded (0 events):
No events

Classes redefined (0 events):
No events

Internal exceptions (20 events):
Event: 9.639 Thread 0x00007fee6b808800 Implicit null exception at 0x000000011dd5271e to 0x000000011dd52d6c
Event: 9.776 Thread 0x00007fee6b808800 Exception <a 'java/lang/NoSuchMethodError'{0x0000000786c0a6f0}: 'java.lang.Object java.lang.invoke.DirectMethodHandle$Holder.invokeVirtual(java.lang.Object, java.lang.Object, long)'> (0x0000000786c0a6f0) 
thrown [open/src/hotspot/share/interpreter/linkResolver.cpp, line 759]
Event: 9.777 Thread 0x00007fee6b808800 Exception <a 'java/lang/NoSuchMethodError'{0x0000000786c184a0}: 'java.lang.Object java.lang.invoke.DirectMethodHandle$Holder.invokeVirtual(java.lang.Object, java.lang.Object, java.lang.Object, java.lang.Object, java.lang.Object, java.lang.Object, java.lang.Object, java.lang.Object)'> (0x0000000786c184a0) 
thrown [open/src/hotspot/share/interpreter/linkResolver.cpp, line 759]
Event: 9.777 Thread 0x00007fee6b808800 Exception <a 'java/lang/NoSuchMethodError'{0x0000000786c1dc88}: 'java.lang.Object java.lang.invoke.DirectMethodHandle$Holder.invokeSpecial(java.lang.Object, java.lang.Object, java.lang.Object, java.lang.Object, java.lang.Object, java.lang.Object, java.lang.Object, java.lang.Object, java.lang.Object)'> (0x0000000786c1dc88) 
thrown [open/src/hotspot/share/interpreter/linkResolver.cpp, line 759]
Event: 9.779 Thread 0x00007fee6b808800 Exception <a 'java/lang/NoSuchMethodError'{0x0000000786c38fc8}: 'java.lang.Object java.lang.invoke.DirectMethodHandle$Holder.invokeStatic(java.lang.Object, java.lang.Object, int)'> (0x0000000786c38fc8) 
thrown [open/src/hotspot/share/interpreter/linkResolver.cpp, line 759]
Event: 9.779 Thread 0x00007fee6b808800 Exception <a 'java/lang/NoSuchMethodError'{0x0000000786c3d798}: 'void java.lang.invoke.DirectMethodHandle$Holder.invokeStatic(java.lang.Object, java.lang.Object, int, java.lang.Object)'> (0x0000000786c3d798) 
thrown [open/src/hotspot/share/interpreter/linkResolver.cpp, line 759]
Event: 9.779 Thread 0x00007fee6b808800 Exception <a 'java/lang/NoSuchMethodError'{0x0000000786c450b8}: 'void java.lang.invoke.DelegatingMethodHandle$Holder.delegate(java.lang.Object, java.lang.Object, int, java.lang.Object)'> (0x0000000786c450b8) 
thrown [open/src/hotspot/share/interpreter/linkResolver.cpp, line 759]
Event: 9.787 Thread 0x00007fee6b808800 Exception <a 'java/lang/NoSuchMethodError'{0x0000000786c64538}: 'void java.lang.invoke.DirectMethodHandle$Holder.invokeInterface(java.lang.Object, java.lang.Object, java.lang.Object, int)'> (0x0000000786c64538) 
thrown [open/src/hotspot/share/interpreter/linkResolver.cpp, line 759]
Event: 9.788 Thread 0x00007fee6b808800 Exception <a 'java/lang/NoSuchMethodError'{0x0000000786c6c048}: 'void java.lang.invoke.DelegatingMethodHandle$Holder.reinvoke_L(java.lang.Object, java.lang.Object, java.lang.Object, int)'> (0x0000000786c6c048) 
thrown [open/src/hotspot/share/interpreter/linkResolver.cpp, line 759]
Event: 9.794 Thread 0x00007fee6b808800 Exception <a 'java/lang/NoSuchMethodError'{0x0000000786a577d0}: 'java.lang.Object java.lang.invoke.DirectMethodHandle$Holder.invokeVirtual(java.lang.Object, java.lang.Object, java.lang.Object, java.lang.Object)'> (0x0000000786a577d0) 
thrown [open/src/hotspot/share/interpreter/linkResolver.cpp, line 759]
Event: 9.816 Thread 0x00007fee6b808800 Exception <a 'java/lang/NoSuchMethodError'{0x0000000786ab8fb8}: 'java.lang.Object java.lang.invoke.DirectMethodHandle$Holder.invokeVirtual(java.lang.Object, java.lang.Object, java.lang.Object, java.lang.Object, java.lang.Object, java.lang.Object)'> (0x0000000786ab8fb8) 
thrown [open/src/hotspot/share/interpreter/linkResolver.cpp, line 759]
Event: 9.817 Thread 0x00007fee6b808800 Implicit null exception at 0x000000011dd487cc to 0x000000011dd48914
Event: 9.818 Thread 0x00007fee6b808800 Exception <a 'java/lang/NoSuchMethodError'{0x0000000786adeab0}: 'void java.lang.invoke.DirectMethodHandle$Holder.invokeVirtual(java.lang.Object, java.lang.Object, java.lang.Object, java.lang.Object)'> (0x0000000786adeab0) 
thrown [open/src/hotspot/share/interpreter/linkResolver.cpp, line 759]
Event: 9.833 Thread 0x00007fee6b808800 Exception <a 'java/lang/NoSuchMethodError'{0x00000007869416e8}: 'java.lang.Object java.lang.invoke.DirectMethodHandle$Holder.invokeSpecial(java.lang.Object, java.lang.Object, java.lang.Object, long, java.lang.Object)'> (0x00000007869416e8) 
thrown [open/src/hotspot/share/interpreter/linkResolver.cpp, line 759]
Event: 9.833 Thread 0x00007fee6b808800 Exception <a 'java/lang/NoSuchMethodError'{0x0000000786945620}: 'java.lang.Object java.lang.invoke.DelegatingMethodHandle$Holder.reinvoke_L(java.lang.Object, java.lang.Object, long, java.lang.Object)'> (0x0000000786945620) 
thrown [open/src/hotspot/share/interpreter/linkResolver.cpp, line 759]
Event: 9.833 Thread 0x00007fee6b808800 Exception <a 'java/lang/NoSuchMethodError'{0x000000078695a990}: 'java.lang.Object java.lang.invoke.DirectMethodHandle$Holder.invokeVirtual(java.lang.Object, java.lang.Object, java.lang.Object, java.lang.Object, java.lang.Object, java.lang.Object, java.lang.Object, java.lang.Object, java.lang.Object, java.lang.Object)'> (0x000000078695a990) 
thrown [open/src/hotspot/share/interpreter/linkResolver.cpp, line 759]
Event: 9.833 Thread 0x00007fee6b808800 Exception <a 'java/lang/NoSuchMethodError'{0x000000078695fcb0}: 'java.lang.Object java.lang.invoke.DirectMethodHandle$Holder.invokeSpecial(java.lang.Object, java.lang.Object, java.lang.Object, java.lang.Object, java.lang.Object, java.lang.Object, java.lang.Object, java.lang.Object, java.lang.Object, java.lang.Object, java.lang.Object)'> (0x000000078695fcb0) 
thrown [open/src/hotspot/share/interpreter/linkResolver.cpp, line 759]
Event: 9.872 Thread 0x00007fee6b808800 Exception <a 'java/lang/NoSuchMethodError'{0x0000000786788b40}: 'java.lang.Object java.lang.invoke.DirectMethodHandle$Holder.invokeVirtual(java.lang.Object, java.lang.Object, java.lang.Object, java.lang.Object, java.lang.Object, java.lang.Object, java.lang.Object)'> (0x0000000786788b40) 
thrown [open/src/hotspot/share/interpreter/linkResolver.cpp, line 759]
Event: 9.876 Thread 0x00007fee6b808800 Exception <a 'java/lang/NoSuchMethodError'{0x00000007867e2798}: 'java.lang.Object java.lang.invoke.DirectMethodHandle$Holder.invokeVirtual(java.lang.Object, java.lang.Object, java.lang.Object, java.lang.Object, java.lang.Object)'> (0x00000007867e2798) 
thrown [open/src/hotspot/share/interpreter/linkResolver.cpp, line 759]
Event: 9.900 Thread 0x00007fee6b808800 Implicit null exception at 0x000000011dc720ca to 0x000000011dc727fe

VM Operations (20 events):
Event: 8.557 Executing VM operation: G1CollectForAllocation done
Event: 8.561 Executing VM operation: HandshakeAllThreads
Event: 8.562 Executing VM operation: HandshakeAllThreads done
Event: 8.651 Executing VM operation: G1CollectForAllocation
Event: 8.659 Executing VM operation: G1CollectForAllocation done
Event: 8.945 Executing VM operation: ICBufferFull
Event: 8.946 Executing VM operation: ICBufferFull done
Event: 9.189 Executing VM operation: ICBufferFull
Event: 9.191 Executing VM operation: ICBufferFull done
Event: 9.228 Executing VM operation: HandshakeAllThreads
Event: 9.228 Executing VM operation: HandshakeAllThreads done
Event: 9.632 Executing VM operation: ICBufferFull
Event: 9.634 Executing VM operation: ICBufferFull done
Event: 9.651 Executing VM operation: G1CollectForAllocation
Event: 9.655 Executing VM operation: G1CollectForAllocation done
Event: 9.855 Executing VM operation: HandshakeAllThreads
Event: 9.855 Executing VM operation: HandshakeAllThreads done
Event: 10.140 Executing VM operation: ICBufferFull
Event: 10.142 Executing VM operation: ICBufferFull done
Event: 10.319 Executing VM operation: G1CollectForAllocation

Events (20 events):
Event: 8.613 Thread 0x00007fee6a812e00 flushing nmethod 0x0000000117130110
Event: 8.613 Thread 0x00007fee6a812e00 flushing nmethod 0x0000000117131610
Event: 8.613 Thread 0x00007fee6a812e00 flushing nmethod 0x0000000117149010
Event: 8.613 Thread 0x00007fee6a812e00 flushing nmethod 0x000000011714a190
Event: 8.613 Thread 0x00007fee6a812e00 flushing nmethod 0x000000011714c710
Event: 8.614 Thread 0x00007fee6a812e00 flushing nmethod 0x0000000117153490
Event: 8.614 Thread 0x00007fee6a812e00 flushing nmethod 0x000000011716a710
Event: 8.614 Thread 0x00007fee6a812e00 flushing nmethod 0x000000011718ff90
Event: 8.614 Thread 0x00007fee6a812e00 flushing nmethod 0x0000000117192290
Event: 8.616 Thread 0x00007fee6a812e00 flushing nmethod 0x00000001171e1a90
Event: 8.616 Thread 0x00007fee6a812e00 flushing nmethod 0x00000001171f1710
Event: 8.616 Thread 0x00007fee6a812e00 flushing nmethod 0x00000001171f2910
Event: 8.616 Thread 0x00007fee6a812e00 flushing nmethod 0x00000001171f7390
Event: 8.616 Thread 0x00007fee6a812e00 flushing nmethod 0x00000001171f7710
Event: 8.616 Thread 0x00007fee6a812e00 flushing nmethod 0x00000001171f9e10
Event: 8.618 Thread 0x00007fee6a812e00 flushing nmethod 0x0000000117214310
Event: 8.618 Thread 0x00007fee6a812e00 flushing nmethod 0x000000011721d910
Event: 8.619 Thread 0x00007fee6a812e00 flushing nmethod 0x000000011722d310
Event: 8.623 Thread 0x00007fee6a812e00 flushing nmethod 0x000000011726fc90
Event: 8.623 Thread 0x00007fee6a812e00 flushing nmethod 0x0000000117272f10


Dynamic libraries:
0x000000010af0d000 	/Library/Java/JavaVirtualMachines/jdk-18.0.2.1.jdk/Contents/Home/lib/libjli.dylib
0x00007ff818dc1000 	/usr/lib/libz.1.dylib
0x00007ff818eba000 	/usr/lib/libSystem.B.dylib
0x00007ff818eb4000 	/usr/lib/system/libcache.dylib
0x00007ff818e6c000 	/usr/lib/system/libcommonCrypto.dylib
0x00007ff818e96000 	/usr/lib/system/libcompiler_rt.dylib
0x00007ff818e8a000 	/usr/lib/system/libcopyfile.dylib
0x00007ff80a66e000 	/usr/lib/system/libcorecrypto.dylib
0x00007ff80a764000 	/usr/lib/system/libdispatch.dylib
0x00007ff80a915000 	/usr/lib/system/libdyld.dylib
0x00007ff818eaa000 	/usr/lib/system/libkeymgr.dylib
0x00007ff818e4d000 	/usr/lib/system/libmacho.dylib
0x00007ff8181bd000 	/usr/lib/system/libquarantine.dylib
0x00007ff818ea7000 	/usr/lib/system/libremovefile.dylib
0x00007ff81029d000 	/usr/lib/system/libsystem_asl.dylib
0x00007ff80a608000 	/usr/lib/system/libsystem_blocks.dylib
0x00007ff80a7af000 	/usr/lib/system/libsystem_c.dylib
0x00007ff818e9e000 	/usr/lib/system/libsystem_collections.dylib
0x00007ff816f62000 	/usr/lib/system/libsystem_configuration.dylib
0x00007ff815d1f000 	/usr/lib/system/libsystem_containermanager.dylib
0x00007ff818a34000 	/usr/lib/system/libsystem_coreservices.dylib
0x00007ff80ddaa000 	/usr/lib/system/libsystem_darwin.dylib
0x00007ffd0b4b8000 	/usr/lib/system/libsystem_darwindirectory.dylib
0x00007ff818eab000 	/usr/lib/system/libsystem_dnssd.dylib
0x00007ffd0b4bc000 	/usr/lib/system/libsystem_eligibility.dylib
0x00007ff80a7ac000 	/usr/lib/system/libsystem_featureflags.dylib
0x00007ff80a94a000 	/usr/lib/system/libsystem_info.dylib
0x00007ff818dd5000 	/usr/lib/system/libsystem_m.dylib
0x00007ff80a720000 	/usr/lib/system/libsystem_malloc.dylib
0x00007ff81020e000 	/usr/lib/system/libsystem_networkextension.dylib
0x00007ff80e1e6000 	/usr/lib/system/libsystem_notify.dylib
0x00007ff816f66000 	/usr/lib/system/libsystem_sandbox.dylib
0x00007ffd0b4c3000 	/usr/lib/system/libsystem_sanitizers.dylib
0x00007ff818ea3000 	/usr/lib/system/libsystem_secinit.dylib
0x00007ff80a8cd000 	/usr/lib/system/libsystem_kernel.dylib
0x00007ff80a940000 	/usr/lib/system/libsystem_platform.dylib
0x00007ff80a909000 	/usr/lib/system/libsystem_pthread.dylib
0x00007ff811f9a000 	/usr/lib/system/libsystem_symptoms.dylib
0x00007ff80a653000 	/usr/lib/system/libsystem_trace.dylib
0x00007ff818e79000 	/usr/lib/system/libunwind.dylib
0x00007ff80a60c000 	/usr/lib/system/libxpc.dylib
0x00007ff80a538000 	/usr/lib/libobjc.A.dylib
0x00007ff80a978000 	/System/Library/Frameworks/CoreFoundation.framework/Versions/A/CoreFoundation
0x00007ff81c54a000 	/usr/lib/swift/libswiftCore.dylib
0x00007ff80a8b5000 	/usr/lib/libc++abi.dylib
0x00007ff818e82000 	/usr/lib/liboah.dylib
0x00007ff80a838000 	/usr/lib/libc++.1.dylib
0x00007ff80b927000 	/System/Library/Frameworks/Foundation.framework/Versions/C/Foundation
0x00007ff8250a5000 	/usr/lib/swift/libswiftObjectiveC.dylib
0x00007ff80e09f000 	/System/Library/PrivateFrameworks/CoreServicesInternal.framework/Versions/A/CoreServicesInternal
0x00007ff818ebc000 	/usr/lib/libfakelink.dylib
0x00007ff80db0b000 	/usr/lib/libicucore.A.dylib
0x00007ff818ebf000 	/System/Library/PrivateFrameworks/SoftLinking.framework/Versions/A/SoftLinking
0x00007ff82095c000 	/System/Library/Frameworks/CoreServices.framework/Versions/A/CoreServices
0x00007ff80d749000 	/System/Library/Frameworks/Security.framework/Versions/A/Security
0x00007ff80e120000 	/System/Library/Frameworks/IOKit.framework/Versions/A/IOKit
0x00007ff824703000 	/System/Library/PrivateFrameworks/DiskImages.framework/Versions/A/DiskImages
0x00007ff911a75000 	/System/Library/Frameworks/NetFS.framework/Versions/A/NetFS
0x00007ff80fe6d000 	/System/Library/Frameworks/CFNetwork.framework/Versions/A/CFNetwork
0x00007ff8142f4000 	/System/Library/Frameworks/CoreServices.framework/Versions/A/Frameworks/FSEvents.framework/Versions/A/FSEvents
0x00007ff80ddb5000 	/System/Library/Frameworks/CoreServices.framework/Versions/A/Frameworks/CarbonCore.framework/Versions/A/CarbonCore
0x00007ff813098000 	/System/Library/Frameworks/CoreServices.framework/Versions/A/Frameworks/Metadata.framework/Versions/A/Metadata
0x00007ff818a3b000 	/System/Library/Frameworks/CoreServices.framework/Versions/A/Frameworks/OSServices.framework/Versions/A/OSServices
0x00007ff818f98000 	/System/Library/Frameworks/CoreServices.framework/Versions/A/Frameworks/SearchKit.framework/Versions/A/SearchKit
0x00007ff811f1a000 	/System/Library/Frameworks/CoreServices.framework/Versions/A/Frameworks/AE.framework/Versions/A/AE
0x00007ff80ae17000 	/System/Library/Frameworks/CoreServices.framework/Versions/A/Frameworks/LaunchServices.framework/Versions/A/LaunchServices
0x00007ff81a52e000 	/System/Library/Frameworks/CoreServices.framework/Versions/A/Frameworks/DictionaryServices.framework/Versions/A/DictionaryServices
0x00007ff814302000 	/System/Library/Frameworks/CoreServices.framework/Versions/A/Frameworks/SharedFileList.framework/Versions/A/SharedFileList
0x00007ff80b5b5000 	/System/Library/Frameworks/SystemConfiguration.framework/Versions/A/SystemConfiguration
0x00007ff81901d000 	/usr/lib/libapple_nghttp2.dylib
0x00007ff819053000 	/usr/lib/libcompression.dylib
0x00007ff811b82000 	/usr/lib/libsqlite3.dylib
0x00007ff81300d000 	/System/Library/PrivateFrameworks/CoreAnalytics.framework/Versions/A/CoreAnalytics
0x00007ff81078f000 	/System/Library/Frameworks/CoreGraphics.framework/Versions/A/CoreGraphics
0x00007ff81d163000 	/System/Library/Frameworks/GSS.framework/Versions/A/GSS
0x00007ff81ba79000 	/System/Library/PrivateFrameworks/InternationalSupport.framework/Versions/A/InternationalSupport
0x00007ff811eb6000 	/System/Library/PrivateFrameworks/RunningBoardServices.framework/Versions/A/RunningBoardServices
0x00007ff810228000 	/usr/lib/libenergytrace.dylib
0x00007ff811fa2000 	/System/Library/Frameworks/Network.framework/Versions/A/Network
0x00007ff81303a000 	/usr/lib/libDiagnosticMessagesClient.dylib
0x00007ff8181e2000 	/usr/lib/libbsm.0.dylib
0x00007ff818e53000 	/usr/lib/system/libkxld.dylib
0x00007ffc2a390000 	/usr/lib/libCoreEntitlements.dylib
0x00007ffc0c18e000 	/System/Library/PrivateFrameworks/MessageSecurity.framework/Versions/A/MessageSecurity
0x00007ff811b69000 	/System/Library/PrivateFrameworks/ProtocolBuffer.framework/Versions/A/ProtocolBuffer
0x00007ff810229000 	/usr/lib/libMobileGestalt.dylib
0x00007ff818a1a000 	/System/Library/PrivateFrameworks/AppleFSCompression.framework/Versions/A/AppleFSCompression
0x00007ff8181ca000 	/usr/lib/libcoretls.dylib
0x00007ff81a59b000 	/usr/lib/libcoretls_cfhelpers.dylib
0x00007ff81904d000 	/usr/lib/libpam.2.dylib
0x00007ff81a615000 	/usr/lib/libxar.1.dylib
0x00007ff81432d000 	/System/Library/PrivateFrameworks/CoreAutoLayout.framework/Versions/A/CoreAutoLayout
0x00007ff81311f000 	/System/Library/Frameworks/DiskArbitration.framework/Versions/A/DiskArbitration
0x00007ff818f0f000 	/usr/lib/libarchive.2.dylib
0x00007ff814375000 	/usr/lib/libxml2.2.dylib
0x00007ff816f73000 	/usr/lib/liblangid.dylib
0x00007ff81e830000 	/System/Library/Frameworks/Combine.framework/Versions/A/Combine
0x00007ffb17f15000 	/System/Library/PrivateFrameworks/CollectionsInternal.framework/Versions/A/CollectionsInternal
0x00007ffc127b1000 	/System/Library/PrivateFrameworks/ReflectionInternal.framework/Versions/A/ReflectionInternal
0x00007ffc13238000 	/System/Library/PrivateFrameworks/RuntimeInternal.framework/Versions/A/RuntimeInternal
0x00007ff9144bf000 	/usr/lib/swift/libswiftCoreFoundation.dylib
0x00007ff911f2c000 	/usr/lib/swift/libswiftDarwin.dylib
0x00007ff82261b000 	/usr/lib/swift/libswiftDispatch.dylib
0x00007ff914510000 	/usr/lib/swift/libswiftIOKit.dylib
0x00007ffd0b0f0000 	/usr/lib/swift/libswiftSystem.dylib
0x00007ff9144d0000 	/usr/lib/swift/libswiftXPC.dylib
0x00007ffd0b168000 	/usr/lib/swift/libswift_Builtin_float.dylib
0x00007ffd0b16b000 	/usr/lib/swift/libswift_Concurrency.dylib
0x00007ffd0b2b1000 	/usr/lib/swift/libswift_StringProcessing.dylib
0x00007ffd0b34c000 	/usr/lib/swift/libswift_errno.dylib
0x00007ffd0b34e000 	/usr/lib/swift/libswift_math.dylib
0x00007ffd0b351000 	/usr/lib/swift/libswift_signal.dylib
0x00007ffd0b352000 	/usr/lib/swift/libswift_stdio.dylib
0x00007ffd0b353000 	/usr/lib/swift/libswift_time.dylib
0x00007ff8250a9000 	/usr/lib/swift/libswiftos.dylib
0x00007ffd0b354000 	/usr/lib/swift/libswiftsys_time.dylib
0x00007ffd0b355000 	/usr/lib/swift/libswiftunistd.dylib
0x00007ff816f6e000 	/System/Library/PrivateFrameworks/AppleSystemInfo.framework/Versions/A/AppleSystemInfo
0x00007ff9143bb000 	/System/Library/PrivateFrameworks/LoggingSupport.framework/Versions/A/LoggingSupport
0x00007ff8144e6000 	/System/Library/PrivateFrameworks/UserManagement.framework/Versions/A/UserManagement
0x00007ff80fd98000 	/usr/lib/libboringssl.dylib
0x00007ff811f8a000 	/usr/lib/libdns_services.dylib
0x00007ff91363d000 	/usr/lib/libquic.dylib
0x00007ff81c4d3000 	/usr/lib/libusrtcp.dylib
0x00007ffd0b029000 	/usr/lib/swift/libswiftDistributed.dylib
0x00007ff80fe6c000 	/usr/lib/libnetwork.dylib
0x00007ff818ffb000 	/System/Library/PrivateFrameworks/AppleSauce.framework/Versions/A/AppleSauce
0x00007ff80b446000 	/System/Library/PrivateFrameworks/Lexicon.framework/Versions/A/Lexicon
0x00007ffb26796000 	/System/Library/PrivateFrameworks/IO80211.framework/Versions/A/IO80211
0x00007ff82288c000 	/System/Library/PrivateFrameworks/FrontBoardServices.framework/Versions/A/FrontBoardServices
0x00007ff8180fb000 	/System/Library/Frameworks/SecurityFoundation.framework/Versions/A/SecurityFoundation
0x00007ff817083000 	/System/Library/PrivateFrameworks/LinguisticData.framework/Versions/A/LinguisticData
0x00007ff817ee4000 	/System/Library/PrivateFrameworks/IOMobileFramebuffer.framework/Versions/A/IOMobileFramebuffer
0x00007ff815d4c000 	/System/Library/Frameworks/IOSurface.framework/Versions/A/IOSurface
0x00007ff811dd3000 	/System/Library/PrivateFrameworks/BaseBoard.framework/Versions/A/BaseBoard
0x00007ff82295c000 	/System/Library/PrivateFrameworks/BoardServices.framework/Versions/A/BoardServices
0x00007ff8180ee000 	/System/Library/PrivateFrameworks/AssertionServices.framework/Versions/A/AssertionServices
0x00007ff82453d000 	/System/Library/PrivateFrameworks/BackBoardServices.framework/Versions/A/BackBoardServices
0x00007ff816707000 	/System/Library/Frameworks/ImageIO.framework/Versions/A/ImageIO
0x00007ff8102d4000 	/System/Library/PrivateFrameworks/SkyLight.framework/Versions/A/SkyLight
0x00007ff81615a000 	/System/Library/PrivateFrameworks/FontServices.framework/libFontParser.dylib
0x00007ff820c03000 	/System/Library/Frameworks/Accelerate.framework/Versions/A/Accelerate
0x00007ff8102b4000 	/System/Library/PrivateFrameworks/TCC.framework/Versions/A/TCC
0x00007ff827df1000 	/System/Library/PrivateFrameworks/IOSurfaceAccelerator.framework/Versions/A/IOSurfaceAccelerator
0x00007ff81b203000 	/System/Library/PrivateFrameworks/WatchdogClient.framework/Versions/A/WatchdogClient
0x00007ff80c90f000 	/System/Library/Frameworks/CoreDisplay.framework/Versions/A/CoreDisplay
0x00007ff81600b000 	/System/Library/Frameworks/CoreMedia.framework/Versions/A/CoreMedia
0x00007ff815d63000 	/System/Library/PrivateFrameworks/IOAccelerator.framework/Versions/A/IOAccelerator
0x00007ff815d6c000 	/System/Library/Frameworks/Metal.framework/Versions/A/Metal
0x00007ff814455000 	/System/Library/Frameworks/CoreVideo.framework/Versions/A/CoreVideo
0x00007ff81904b000 	/System/Library/Frameworks/MetalPerformanceShaders.framework/Versions/A/MetalPerformanceShaders
0x00007ff81b205000 	/System/Library/PrivateFrameworks/MultitouchSupport.framework/Versions/A/MultitouchSupport
0x00007ff813c57000 	/System/Library/Frameworks/QuartzCore.framework/Versions/A/QuartzCore
0x00007ffc11e0f000 	/System/Library/PrivateFrameworks/ProDisplayLibrary.framework/Versions/A/ProDisplayLibrary
0x00007ff81b249000 	/System/Library/Frameworks/VideoToolbox.framework/Versions/A/VideoToolbox
0x00007ff920ac4000 	/usr/lib/swift/libswiftMetal.dylib
0x00007ffa0eb9a000 	/usr/lib/swift/libswiftOSLog.dylib
0x00007ff925458000 	/usr/lib/swift/libswiftQuartzCore.dylib
0x00007ff9298e6000 	/usr/lib/swift/libswiftUniformTypeIdentifiers.dylib
0x00007ff917c94000 	/usr/lib/swift/libswiftsimd.dylib
0x00007ff8180d7000 	/System/Library/PrivateFrameworks/MobileKeyBag.framework/Versions/A/MobileKeyBag
0x00007ff816f6d000 	/System/Library/PrivateFrameworks/AggregateDictionary.framework/Versions/A/AggregateDictionary
0x00007ff81a59d000 	/System/Library/PrivateFrameworks/APFS.framework/Versions/A/APFS
0x00007ffb14e2c000 	/System/Library/PrivateFrameworks/AppleKeyStore.framework/Versions/A/AppleKeyStore
0x00007ff81a623000 	/usr/lib/libutil.dylib
0x00007ffd0b059000 	/usr/lib/swift/libswiftObservation.dylib
0x00007ff81a57c000 	/usr/lib/liblzma.5.dylib
0x00007ff813127000 	/System/Library/Frameworks/Accelerate.framework/Versions/A/Frameworks/vImage.framework/Versions/A/vImage
0x00007ff820933000 	/System/Library/Frameworks/Accelerate.framework/Versions/A/Frameworks/vecLib.framework/Versions/A/vecLib
0x00007ff81a658000 	/System/Library/Frameworks/Accelerate.framework/Versions/A/Frameworks/vecLib.framework/Versions/A/libvMisc.dylib
0x00007ff80b277000 	/System/Library/Frameworks/Accelerate.framework/Versions/A/Frameworks/vecLib.framework/Versions/A/libBLAS.dylib
0x00007ff824c20000 	/System/Library/Frameworks/ApplicationServices.framework/Versions/A/ApplicationServices
0x00007ff811051000 	/System/Library/Frameworks/ColorSync.framework/Versions/A/ColorSync
0x00007ff80cde9000 	/System/Library/Frameworks/CoreText.framework/Versions/A/CoreText
0x00007ff81cd4d000 	/System/Library/Frameworks/ApplicationServices.framework/Versions/A/Frameworks/ATS.framework/Versions/A/ATS
0x00007ff811206000 	/System/Library/Frameworks/ApplicationServices.framework/Versions/A/Frameworks/HIServices.framework/Versions/A/HIServices
0x00007ff81b942000 	/System/Library/Frameworks/ApplicationServices.framework/Versions/A/Frameworks/PrintCore.framework/Versions/A/PrintCore
0x00007ff81d12d000 	/System/Library/Frameworks/ApplicationServices.framework/Versions/A/Frameworks/QD.framework/Versions/A/QD
0x00007ff81d126000 	/System/Library/Frameworks/ApplicationServices.framework/Versions/A/Frameworks/ColorSyncLegacy.framework/Versions/A/ColorSyncLegacy
0x00007ff81cd23000 	/System/Library/Frameworks/ApplicationServices.framework/Versions/A/Frameworks/SpeechSynthesis.framework/Versions/A/SpeechSynthesis
0x00007ffb1e518000 	/System/Library/PrivateFrameworks/FontServices.framework/Versions/A/FontServices
0x00007ff80f8c0000 	/System/Library/Frameworks/UniformTypeIdentifiers.framework/Versions/A/UniformTypeIdentifiers
0x00007ff81ad65000 	/System/Library/PrivateFrameworks/OTSVG.framework/Versions/A/OTSVG
0x00007ff813ff4000 	/System/Library/Frameworks/ApplicationServices.framework/Versions/A/Frameworks/ATS.framework/Versions/A/Resources/libFontRegistry.dylib
0x00007ff81adb5000 	/System/Library/PrivateFrameworks/FontServices.framework/libhvf.dylib
0x00007ffc0e978000 	/System/Library/PrivateFrameworks/ParsingInternal.framework/Versions/A/ParsingInternal
0x00007ffd0b074000 	/usr/lib/swift/libswiftRegexBuilder.dylib
0x00007ffd0b209000 	/usr/lib/swift/libswift_RegexParser.dylib
0x00007ff81b0cc000 	/System/Library/PrivateFrameworks/AppleJPEG.framework/Versions/A/AppleJPEG
0x00007ff81ab8e000 	/usr/lib/libexpat.1.dylib
0x00007ff81b80d000 	/System/Library/Frameworks/ImageIO.framework/Versions/A/Resources/libPng.dylib
0x00007ff81b83a000 	/System/Library/Frameworks/ImageIO.framework/Versions/A/Resources/libTIFF.dylib
0x00007ff81b92d000 	/System/Library/Frameworks/ImageIO.framework/Versions/A/Resources/libGIF.dylib
0x00007ff81b118000 	/System/Library/Frameworks/ImageIO.framework/Versions/A/Resources/libJP2.dylib
0x00007ff81a7f1000 	/usr/lib/libate.dylib
0x00007ff81b8cd000 	/System/Library/Frameworks/ImageIO.framework/Versions/A/Resources/libJPEG.dylib
0x00007ff81b8c4000 	/System/Library/Frameworks/ImageIO.framework/Versions/A/Resources/libRadiance.dylib
0x00007ffb23205000 	/System/Library/PrivateFrameworks/GPUCompiler.framework/Versions/32023/Libraries/libllvm-flatbuffers.dylib
0x00007ffb1e5de000 	/System/Library/PrivateFrameworks/FramePacing.framework/Versions/A/FramePacing
0x00007ffa28b7f000 	/System/Library/Frameworks/OpenGL.framework/Versions/A/Libraries/libCoreFSCache.dylib
0x00007ffb1f1bd000 	/System/Library/PrivateFrameworks/GPUCompiler.framework/Versions/32023/Libraries/libGPUCompilerUtils.dylib
0x00007ffb1e519000 	/System/Library/PrivateFrameworks/FontServices.framework/libXTFontStaticRegistryData.dylib
0x00007ff816a95000 	/System/Library/Frameworks/CoreImage.framework/Versions/A/CoreImage
0x00007ffa1214c000 	/System/Library/PrivateFrameworks/Symbolication.framework/Versions/A/Symbolication
0x00007ffc1123f000 	/System/Library/PrivateFrameworks/PhotosensitivityProcessing.framework/Versions/A/PhotosensitivityProcessing
0x00007ffa28b8b000 	/System/Library/Frameworks/OpenGL.framework/Versions/A/OpenGL
0x00007ffa29845000 	/System/Library/Frameworks/OpenCL.framework/Versions/A/OpenCL
0x00007ff81ad56000 	/System/Library/PrivateFrameworks/GraphVisualizer.framework/Versions/A/GraphVisualizer
0x00007ffa28bdc000 	/System/Library/Frameworks/OpenGL.framework/Versions/A/Libraries/libGLU.dylib
0x00007ffa28b9e000 	/System/Library/Frameworks/OpenGL.framework/Versions/A/Libraries/libGFXShared.dylib
0x00007ffa28d98000 	/System/Library/Frameworks/OpenGL.framework/Versions/A/Libraries/libGL.dylib
0x00007ffa28ba7000 	/System/Library/Frameworks/OpenGL.framework/Versions/A/Libraries/libGLImage.dylib
0x00007ffa28b9b000 	/System/Library/Frameworks/OpenGL.framework/Versions/A/Libraries/libCVMSPluginSupport.dylib
0x00007ffc2a4bf000 	/usr/lib/libRosetta.dylib
0x00007ffa28b86000 	/System/Library/Frameworks/OpenGL.framework/Versions/A/Libraries/libCoreVMClient.dylib
0x00007ff816ea7000 	/System/Library/Frameworks/MetalPerformanceShaders.framework/Versions/A/Frameworks/MPSCore.framework/Versions/A/MPSCore
0x00007ff818974000 	/System/Library/Frameworks/MetalPerformanceShaders.framework/Versions/A/Frameworks/MPSImage.framework/Versions/A/MPSImage
0x00007ff818260000 	/System/Library/Frameworks/MetalPerformanceShaders.framework/Versions/A/Frameworks/MPSNeuralNetwork.framework/Versions/A/MPSNeuralNetwork
0x00007ff8187b9000 	/System/Library/Frameworks/MetalPerformanceShaders.framework/Versions/A/Frameworks/MPSMatrix.framework/Versions/A/MPSMatrix
0x00007ff818570000 	/System/Library/Frameworks/MetalPerformanceShaders.framework/Versions/A/Frameworks/MPSRayIntersector.framework/Versions/A/MPSRayIntersector
0x00007ff8187f8000 	/System/Library/Frameworks/MetalPerformanceShaders.framework/Versions/A/Frameworks/MPSNDArray.framework/Versions/A/MPSNDArray
0x00007ffb0ccc2000 	/System/Library/Frameworks/MetalPerformanceShaders.framework/Versions/A/Frameworks/MPSFunctions.framework/Versions/A/MPSFunctions
0x00007ffb0cca5000 	/System/Library/Frameworks/MetalPerformanceShaders.framework/Versions/A/Frameworks/MPSBenchmarkLoop.framework/Versions/A/MPSBenchmarkLoop
0x00007ff80b0f1000 	/System/Library/PrivateFrameworks/MetalTools.framework/Versions/A/MetalTools
0x00007ff91916b000 	/System/Library/PrivateFrameworks/IOAccelMemoryInfo.framework/Versions/A/IOAccelMemoryInfo
0x00007ff92585a000 	/System/Library/PrivateFrameworks/kperf.framework/Versions/A/kperf
0x00007ff91449e000 	/System/Library/PrivateFrameworks/GPURawCounter.framework/Versions/A/GPURawCounter
0x00007ff822db5000 	/System/Library/PrivateFrameworks/CoreSymbolication.framework/Versions/A/CoreSymbolication
0x00007ff91443d000 	/System/Library/PrivateFrameworks/MallocStackLogging.framework/Versions/A/MallocStackLogging
0x00007ff81a928000 	/System/Library/PrivateFrameworks/CrashReporterSupport.framework/Versions/A/CrashReporterSupport
0x00007ff822d76000 	/System/Library/PrivateFrameworks/DebugSymbols.framework/Versions/A/DebugSymbols
0x00007ff924af0000 	/System/Library/PrivateFrameworks/OSAnalytics.framework/Versions/A/OSAnalytics
0x00007ff81b8fe000 	/System/Library/Frameworks/ApplicationServices.framework/Versions/A/Frameworks/ATSUI.framework/Versions/A/ATSUI
0x00007ff81d0b8000 	/usr/lib/libcups.2.dylib
0x00007ff81d154000 	/System/Library/Frameworks/Kerberos.framework/Versions/A/Kerberos
0x00007ff81cdc6000 	/usr/lib/libresolv.9.dylib
0x00007ff818ef6000 	/usr/lib/libiconv.2.dylib
0x00007ff81adc7000 	/System/Library/PrivateFrameworks/Heimdal.framework/Versions/A/Heimdal
0x00007ff825001000 	/System/Library/Frameworks/Kerberos.framework/Versions/A/Libraries/libHeimdalProxy.dylib
0x00007ff81aba9000 	/usr/lib/libheimdal-asn1.dylib
0x00007ff8142cc000 	/System/Library/Frameworks/OpenDirectory.framework/Versions/A/OpenDirectory
0x00007ff81d1b1000 	/System/Library/PrivateFrameworks/CommonAuth.framework/Versions/A/CommonAuth
0x00007ff8142d8000 	/System/Library/Frameworks/OpenDirectory.framework/Versions/A/Frameworks/CFOpenDirectory.framework/Versions/A/CFOpenDirectory
0x00007ff818e4c000 	/usr/lib/libcharset.1.dylib
0x00007ffa29f8c000 	/System/Library/Frameworks/AVFAudio.framework/Versions/A/AVFAudio
0x00007ff90ea36000 	/System/Library/PrivateFrameworks/AXCoreUtilities.framework/Versions/A/AXCoreUtilities
0x00007ff81cb19000 	/System/Library/Frameworks/AudioToolbox.framework/Versions/A/AudioToolbox
0x00007ff80d00a000 	/System/Library/Frameworks/CoreAudio.framework/Versions/A/CoreAudio
0x00007ffb290b1000 	/System/Library/PrivateFrameworks/IsolatedCoreAudioClient.framework/Versions/A/IsolatedCoreAudioClient
0x00007ff81cd0b000 	/usr/lib/libAudioStatistics.dylib
0x00007ff815fe7000 	/System/Library/PrivateFrameworks/caulk.framework/Versions/A/caulk
0x00007ff80ca3a000 	/System/Library/PrivateFrameworks/AudioToolboxCore.framework/Versions/A/AudioToolboxCore
0x00007ff8273a2000 	/System/Library/Frameworks/CoreMIDI.framework/Versions/A/CoreMIDI
0x00007ff81ccb2000 	/System/Library/PrivateFrameworks/AudioSession.framework/Versions/A/AudioSession
0x00007ff81e5e3000 	/System/Library/Frameworks/IOBluetooth.framework/Versions/A/IOBluetooth
0x00007ff81ac8f000 	/System/Library/PrivateFrameworks/MediaExperience.framework/Versions/A/MediaExperience
0x00007ffc1d99a000 	/System/Library/PrivateFrameworks/Tightbeam.framework/Versions/A/Tightbeam
0x00007ff929f19000 	/System/Library/PrivateFrameworks/AFKUser.framework/Versions/A/AFKUser
0x00007ff81adaa000 	/System/Library/PrivateFrameworks/AppServerSupport.framework/Versions/A/AppServerSupport
0x00007ff81d138000 	/System/Library/PrivateFrameworks/perfdata.framework/Versions/A/perfdata
0x00007ff913727000 	/System/Library/PrivateFrameworks/SystemPolicy.framework/Versions/A/SystemPolicy
0x00007ff81cfd8000 	/usr/lib/libSMC.dylib
0x00007ff81b7d8000 	/usr/lib/libAudioToolboxUtility.dylib
0x00007ff81d145000 	/usr/lib/libperfcheck.dylib
0x00007ffb153ce000 	/System/Library/PrivateFrameworks/AudioAnalytics.framework/Versions/A/AudioAnalytics
0x00007ffa1cb40000 	/System/Library/PrivateFrameworks/FeatureFlags.framework/Versions/A/FeatureFlags
0x00007ffa15f4b000 	/System/Library/Frameworks/OSLog.framework/Versions/A/OSLog
0x00007ff818a25000 	/usr/lib/libbz2.1.0.dylib
0x00007ff91446c000 	/usr/lib/libmis.dylib
0x00007ff81cad9000 	/System/Library/PrivateFrameworks/AudioSession.framework/libSessionUtility.dylib
0x00007ff81b933000 	/System/Library/PrivateFrameworks/CMCaptureCore.framework/Versions/A/CMCaptureCore
0x00007ff81adc1000 	/usr/lib/libspindump.dylib
0x00007ffb0b455000 	/System/Library/Frameworks/ExtensionFoundation.framework/Versions/A/ExtensionFoundation
0x00007ff822ec5000 	/System/Library/PrivateFrameworks/CoreTime.framework/Versions/A/CoreTime
0x00007ff81aa80000 	/System/Library/PrivateFrameworks/PlugInKit.framework/Versions/A/PlugInKit
0x00007ff8217ed000 	/System/Library/PrivateFrameworks/PowerLog.framework/Versions/A/PowerLog
0x00007ff8216ff000 	/System/Library/Frameworks/CoreBluetooth.framework/Versions/A/CoreBluetooth
0x00007ff825002000 	/System/Library/Frameworks/AudioUnit.framework/Versions/A/AudioUnit
0x00007ff817f6e000 	/System/Library/PrivateFrameworks/CoreUtils.framework/Versions/A/CoreUtils
0x00007ffb1b9f5000 	/System/Library/PrivateFrameworks/CoreUtilsExtras.framework/Versions/A/CoreUtilsExtras
0x00007ff820c4f000 	/System/Library/Frameworks/MediaAccessibility.framework/Versions/A/MediaAccessibility
0x00007ff91c296000 	/System/Library/PrivateFrameworks/AttributeGraph.framework/Versions/A/AttributeGraph
0x00007ffc2a1ce000 	/usr/lib/libAXSafeCategoryBundle.dylib
0x00007ff90ead7000 	/usr/lib/libAccessibility.dylib
0x00007ff817cbb000 	/System/Library/Frameworks/Accelerate.framework/Versions/A/Frameworks/vecLib.framework/Versions/A/libvDSP.dylib
0x00007ff819136000 	/System/Library/Frameworks/Accelerate.framework/Versions/A/Frameworks/vecLib.framework/Versions/A/libLAPACK.dylib
0x00007ff81824a000 	/System/Library/Frameworks/Accelerate.framework/Versions/A/Frameworks/vecLib.framework/Versions/A/libLinearAlgebra.dylib
0x00007ff819038000 	/System/Library/Frameworks/Accelerate.framework/Versions/A/Frameworks/vecLib.framework/Versions/A/libSparseBLAS.dylib
0x00007ff819130000 	/System/Library/Frameworks/Accelerate.framework/Versions/A/Frameworks/vecLib.framework/Versions/A/libQuadrature.dylib
0x00007ff817089000 	/System/Library/Frameworks/Accelerate.framework/Versions/A/Frameworks/vecLib.framework/Versions/A/libBNNS.dylib
0x00007ff80b53e000 	/System/Library/Frameworks/Accelerate.framework/Versions/A/Frameworks/vecLib.framework/Versions/A/libSparse.dylib
0x00007ffc0a538000 	/System/Library/PrivateFrameworks/MIL.framework/Versions/A/MIL
0x00007ff81b8bd000 	/System/Library/PrivateFrameworks/GPUWrangler.framework/Versions/A/GPUWrangler
0x00007ff81b8a1000 	/System/Library/PrivateFrameworks/IOPresentment.framework/Versions/A/IOPresentment
0x00007ff81b8c7000 	/System/Library/PrivateFrameworks/DSExternalDisplay.framework/Versions/A/DSExternalDisplay
0x00007ffa1635e000 	/System/Library/PrivateFrameworks/HIDDisplay.framework/Versions/A/HIDDisplay
0x00007ff90d85e000 	/System/Library/PrivateFrameworks/HID.framework/Versions/A/HID
0x00007ffc20bc5000 	/System/Library/PrivateFrameworks/VideoToolboxParavirtualizationSupport.framework/Versions/A/VideoToolboxParavirtualizationSupport
0x00007ff81ab40000 	/System/Library/PrivateFrameworks/AppleVA.framework/Versions/A/AppleVA
0x00007ff822a04000 	/System/Library/PrivateFrameworks/GraphicsServices.framework/Versions/A/GraphicsServices
0x00007ff8116d9000 	/System/Library/Frameworks/CoreData.framework/Versions/A/CoreData
0x00007ff81d312000 	/System/Library/PrivateFrameworks/CorePhoneNumbers.framework/Versions/A/CorePhoneNumbers
0x00007ff8218cd000 	/System/Library/PrivateFrameworks/MediaKit.framework/Versions/A/MediaKit
0x00007ff821827000 	/System/Library/Frameworks/DiscRecording.framework/Versions/A/DiscRecording
0x00007ff816f75000 	/System/Library/PrivateFrameworks/CoreNLP.framework/Versions/A/CoreNLP
0x00007ff8181f2000 	/usr/lib/libmecab.dylib
0x00007ff80b63b000 	/usr/lib/libCRFSuite.dylib
0x00007ff818247000 	/usr/lib/libgermantok.dylib
0x00007ff818ff3000 	/usr/lib/libThaiTokenizer.dylib
0x00007ffb0ae8d000 	/System/Library/Frameworks/CoreTransferable.framework/Versions/A/CoreTransferable
0x00007ff81d11b000 	/System/Library/PrivateFrameworks/NetAuth.framework/Versions/A/NetAuth
0x00007ff81abfc000 	/System/Library/PrivateFrameworks/IconServices.framework/Versions/A/IconServices
0x00007ff8144a9000 	/System/Library/PrivateFrameworks/login.framework/Versions/A/Frameworks/loginsupport.framework/Versions/A/loginsupport
0x00007ff91450f000 	/usr/lib/swift/libswiftCoreImage.dylib
0x00007ff81abb2000 	/System/Library/PrivateFrameworks/IconFoundation.framework/Versions/A/IconFoundation
0x00007ff814040000 	/System/Library/PrivateFrameworks/CoreUI.framework/Versions/A/CoreUI
0x00007ff81b9b5000 	/System/Library/PrivateFrameworks/TextureIO.framework/Versions/A/TextureIO
0x00007ff8166cf000 	/System/Library/PrivateFrameworks/CoreSVG.framework/Versions/A/CoreSVG
0x00007ff9298f5000 	/usr/lib/swift/libswiftAccelerate.dylib
0x00007ff81a91f000 	/usr/lib/libIOReport.dylib
0x00007ff80f6ec000 	/System/Library/PrivateFrameworks/UIFoundation.framework/Versions/A/UIFoundation
0x00007ff8181c0000 	/usr/lib/libCheckFix.dylib
0x00007ff81303c000 	/System/Library/PrivateFrameworks/MetadataUtilities.framework/Versions/A/MetadataUtilities
0x00007ffb26d3a000 	/System/Library/PrivateFrameworks/InstalledContentLibrary.framework/Versions/A/InstalledContentLibrary
0x00007ff80e0e0000 	/System/Library/PrivateFrameworks/CoreServicesStore.framework/Versions/A/CoreServicesStore
0x00007ff81432a000 	/usr/lib/libapp_launch_measurement.dylib
0x00007ffb15065000 	/System/Library/PrivateFrameworks/AppleMobileFileIntegrity.framework/Versions/A/AppleMobileFileIntegrity
0x00007ff92594e000 	/System/Library/PrivateFrameworks/MobileSystemServices.framework/Versions/A/MobileSystemServices
0x00007ffa24450000 	/System/Library/PrivateFrameworks/ConfigProfileHelper.framework/Versions/A/ConfigProfileHelper
0x00007ff81a627000 	/usr/lib/libxslt.1.dylib
0x00007ff818185000 	/System/Library/PrivateFrameworks/BackgroundTaskManagement.framework/Versions/A/BackgroundTaskManagement
0x00007ffc2a504000 	/usr/lib/libTLE.dylib
0x00007ff8248b1000 	/usr/lib/libcurl.4.dylib
0x00007ffd0a899000 	/usr/lib/libcrypto.46.dylib
0x00007ffd0ae09000 	/usr/lib/libssl.48.dylib
0x00007ff824595000 	/System/Library/Frameworks/LDAP.framework/Versions/A/LDAP
0x00007ff8245d0000 	/System/Library/PrivateFrameworks/TrustEvaluationAgent.framework/Versions/A/TrustEvaluationAgent
0x00007ff81cddf000 	/usr/lib/libsasl2.2.dylib
0x00007ff827592000 	/System/Library/Frameworks/Cocoa.framework/Versions/A/Cocoa
0x00007ff80e251000 	/System/Library/Frameworks/AppKit.framework/Versions/C/AppKit
0x00007ffb17eee000 	/System/Library/PrivateFrameworks/CollectionViewCore.framework/Versions/A/CollectionViewCore
0x00007ff820534000 	/System/Library/PrivateFrameworks/RemoteViewServices.framework/Versions/A/RemoteViewServices
0x00007ff8166ca000 	/System/Library/PrivateFrameworks/XCTTargetBootstrap.framework/Versions/A/XCTTargetBootstrap
0x00007ff81bad0000 	/System/Library/PrivateFrameworks/UserActivity.framework/Versions/A/UserActivity
0x00007ffc1f424000 	/System/Library/PrivateFrameworks/UIIntelligenceSupport.framework/Versions/A/UIIntelligenceSupport
0x00007ffc23aac000 	/System/Library/PrivateFrameworks/WritingTools.framework/Versions/A/WritingTools
0x00007ffc22c02000 	/System/Library/PrivateFrameworks/WindowManagement.framework/Versions/A/WindowManagement
0x00007ff8166b7000 	/System/Library/PrivateFrameworks/DFRFoundation.framework/Versions/A/DFRFoundation
0x00007ff81ba89000 	/System/Library/PrivateFrameworks/DataDetectorsCore.framework/Versions/A/DataDetectorsCore
0x00007ff917d3b000 	/System/Library/PrivateFrameworks/TextInput.framework/Versions/A/TextInput
0x00007ff8163db000 	/System/Library/Frameworks/Carbon.framework/Versions/A/Frameworks/HIToolbox.framework/Versions/A/HIToolbox
0x00007ff82056b000 	/System/Library/Frameworks/Carbon.framework/Versions/A/Frameworks/SpeechRecognition.framework/Versions/A/SpeechRecognition
0x00007ff90cc04000 	/System/Library/PrivateFrameworks/RenderBox.framework/Versions/A/RenderBox
0x00007ff8142c1000 	/System/Library/PrivateFrameworks/PerformanceAnalysis.framework/Versions/A/PerformanceAnalysis
0x00007ff8208d8000 	/System/Library/Frameworks/Accessibility.framework/Versions/A/Accessibility
0x00007ffb0b336000 	/System/Library/Frameworks/DeveloperToolsSupport.framework/Versions/A/DeveloperToolsSupport
0x00007ffb10697000 	/System/Library/Frameworks/Symbols.framework/Versions/A/Symbols
0x00007ff82055b000 	/System/Library/PrivateFrameworks/SpeechRecognitionCore.framework/Versions/A/SpeechRecognitionCore
0x000000010bfc7000 	/Library/Java/JavaVirtualMachines/jdk-18.0.2.1.jdk/Contents/Home/lib/server/libjvm.dylib
0x000000010afca000 	/Library/Java/JavaVirtualMachines/jdk-18.0.2.1.jdk/Contents/Home/lib/libjimage.dylib
0x000000010affc000 	/Library/Java/JavaVirtualMachines/jdk-18.0.2.1.jdk/Contents/Home/lib/libinstrument.dylib
0x000000010b052000 	/Library/Java/JavaVirtualMachines/jdk-18.0.2.1.jdk/Contents/Home/lib/libjava.dylib
0x000000012b152000 	/Library/Java/JavaVirtualMachines/jdk-18.0.2.1.jdk/Contents/Home/lib/libzip.dylib
0x000000012b210000 	/Library/Java/JavaVirtualMachines/jdk-18.0.2.1.jdk/Contents/Home/lib/libnio.dylib
0x000000012b249000 	/Library/Java/JavaVirtualMachines/jdk-18.0.2.1.jdk/Contents/Home/lib/libnet.dylib
0x000000012b098000 	/Library/Java/JavaVirtualMachines/jdk-18.0.2.1.jdk/Contents/Home/lib/libextnet.dylib
0x000000012b330000 	/private/var/folders/k3/60_1klf567s17xyc2kq54h_w0000gn/T/jansi-2.4.0-a9dfb75548643435-libjansi.jnilib
0x000000012b35d000 	/Library/Java/JavaVirtualMachines/jdk-18.0.2.1.jdk/Contents/Home/lib/libverify.dylib


VM Arguments:
jvm_args: -Dmaven.multiModuleProjectDirectory=/Users/alinaarmut/Documents/Новая папка/blps_lab3 -Djansi.passthrough=true -Dmaven.home=/Applications/IntelliJ IDEA.app/Contents/plugins/maven/lib/maven3 -Dclassworlds.conf=/Applications/IntelliJ IDEA.app/Contents/plugins/maven/lib/maven3/bin/m2.conf -Dmaven.ext.class.path=/Applications/IntelliJ IDEA.app/Contents/plugins/maven/lib/maven-event-listener.jar -javaagent:/Applications/IntelliJ IDEA.app/Contents/lib/idea_rt.jar=51022:/Applications/IntelliJ IDEA.app/Contents/bin -Dfile.encoding=UTF-8 -Dsun.stdout.encoding=UTF-8 -Dsun.stderr.encoding=UTF-8 
java_command: org.codehaus.classworlds.Launcher -Didea.version=2023.2.5 clean install
java_class_path (initial): /Applications/IntelliJ IDEA.app/Contents/plugins/maven/lib/maven3/boot/plexus-classworlds.license:/Applications/IntelliJ IDEA.app/Contents/plugins/maven/lib/maven3/boot/plexus-classworlds-2.7.0.jar
Launcher Type: SUN_STANDARD

[Global flags]
     intx CICompilerCount                          = 4                                         {product} {ergonomic}
     uint ConcGCThreads                            = 2                                         {product} {ergonomic}
     uint G1ConcRefinementThreads                  = 8                                         {product} {ergonomic}
   size_t G1HeapRegionSize                         = 1048576                                   {product} {ergonomic}
    uintx GCDrainStackTargetSize                   = 64                                        {product} {ergonomic}
   size_t InitialHeapSize                          = 134217728                                 {product} {ergonomic}
   size_t MarkStackSize                            = 4194304                                   {product} {ergonomic}
   size_t MaxHeapSize                              = 2147483648                                {product} {ergonomic}
   size_t MaxNewSize                               = 1287651328                                {product} {ergonomic}
   size_t MinHeapDeltaBytes                        = 1048576                                   {product} {ergonomic}
   size_t MinHeapSize                              = 8388608                                   {product} {ergonomic}
    uintx NonNMethodCodeHeapSize                   = 5839372                                {pd product} {ergonomic}
    uintx NonProfiledCodeHeapSize                  = 122909434                              {pd product} {ergonomic}
    uintx ProfiledCodeHeapSize                     = 122909434                              {pd product} {ergonomic}
    uintx ReservedCodeCacheSize                    = 251658240                              {pd product} {ergonomic}
     bool SegmentedCodeCache                       = true                                      {product} {ergonomic}
   size_t SoftMaxHeapSize                          = 2147483648                             {manageable} {ergonomic}
     bool UseCompressedClassPointers               = true                           {product lp64_product} {ergonomic}
     bool UseCompressedOops                        = true                           {product lp64_product} {ergonomic}
     bool UseG1GC                                  = true                                      {product} {ergonomic}
     bool UseNUMA                                  = false                                     {product} {ergonomic}
     bool UseNUMAInterleaving                      = false                                     {product} {ergonomic}

Logging:
Log output configuration:
 #0: stdout all=warning uptime,level,tags foldmultilines=false
 #1: stderr all=off uptime,level,tags foldmultilines=false

Environment Variables:
JAVA_HOME=/Library/Java/JavaVirtualMachines/jdk-20.jdk/Contents/Home
PATH=/opt/homebrew/bin:/opt/homebrew/sbin:/usr/local/bin:/System/Cryptexes/App/usr/bin:/usr/bin:/bin:/usr/sbin:/sbin:/Library/Apple/usr/bin:/Users/alinaarmut/Downloads/apache-maven-3.9.1/bin
SHELL=/bin/bash
DISPLAY=/private/tmp/com.apple.launchd.IhQzt613TH/org.xquartz:0
LC_CTYPE=ru_RU.UTF-8

Signal Handlers:
   SIGSEGV: crash_handler in libjvm.dylib, mask=11100110100111111111111111111111, flags=SA_RESTART|SA_SIGINFO
    SIGBUS: crash_handler in libjvm.dylib, mask=11100110100111111111111111111111, flags=SA_RESTART|SA_SIGINFO
    SIGFPE: crash_handler in libjvm.dylib, mask=11100110100111111111111111111111, flags=SA_RESTART|SA_SIGINFO
   SIGPIPE: javaSignalHandler in libjvm.dylib, mask=11100110100111111111111111111111, flags=SA_RESTART|SA_SIGINFO
   SIGXFSZ: javaSignalHandler in libjvm.dylib, mask=11100110100111111111111111111111, flags=SA_RESTART|SA_SIGINFO
    SIGILL: crash_handler in libjvm.dylib, mask=11100110100111111111111111111111, flags=SA_RESTART|SA_SIGINFO
   SIGUSR2: SR_handler in libjvm.dylib, mask=00100000000000000000000000000000, flags=SA_RESTART|SA_SIGINFO
    SIGHUP: UserHandler in libjvm.dylib, mask=11100110100111111111111111111111, flags=SA_RESTART|SA_SIGINFO
    SIGINT: UserHandler in libjvm.dylib, mask=11100110100111111111111111111111, flags=SA_RESTART|SA_SIGINFO
   SIGTERM: UserHandler in libjvm.dylib, mask=11100110100111111111111111111111, flags=SA_RESTART|SA_SIGINFO
   SIGQUIT: UserHandler in libjvm.dylib, mask=11100110100111111111111111111111, flags=SA_RESTART|SA_SIGINFO
   SIGTRAP: crash_handler in libjvm.dylib, mask=11100110100111111111111111111111, flags=SA_RESTART|SA_SIGINFO


---------------  S Y S T E M  ---------------

OS:
uname: Darwin 24.0.0 Darwin Kernel Version 24.0.0: Mon Aug 12 20:49:48 PDT 2024; root:xnu-11215.1.10~2/RELEASE_ARM64_T8103 x86_64
OS uptime: 0 days 0:19 hours
rlimit (soft/hard): STACK 8176k/65520k , CORE 0k/infinity , NPROC 1333/2000 , NOFILE 10240/infinity , AS infinity/infinity , CPU infinity/infinity , DATA infinity/infinity , FSIZE infinity/infinity , MEMLOCK infinity/infinity , RSS infinity/infinity
load average: 8.39 5.40 5.22

CPU: (EMULATED) total 8 (initial active 8) (1 cores per cpu, 1 threads per core) family 6 model 44 stepping 0 microcode 0x0, cx8, cmov, fxsr, mmx, sse, sse2, sse3, ssse3, sse4.1, sse4.2, popcnt, tsc, tscinvbit, aes, clmul, clflush

Memory: 4k page, physical 8388608k(27104k free), swap 0k(0k free)

vm_info: Java HotSpot(TM) 64-Bit Server VM (18.0.2.1+1-1) for bsd-amd64 JRE (18.0.2.1+1-1), built on Aug 16 2022 00:46:02 by "mach5one" with clang Apple LLVM 12.0.0 (clang-1200.0.32.29)

END.
